#
# There is insufficient memory for the Java Runtime Environment to continue.
# Native memory allocation (mmap) failed to map 113246208 bytes. Error detail: G1 virtual space
# Possible reasons:
#   The system is out of physical RAM or swap space
#   This process is running with CompressedOops enabled, and the Java Heap may be blocking the growth of the native heap
# Possible solutions:
#   Reduce memory load on the system
#   Increase physical memory or swap space
#   Check if swap backing store is full
#   Decrease Java heap size (-Xmx/-Xms)
#   Decrease number of Java threads
#   Decrease Java thread stack sizes (-Xss)
#   Set larger code cache with -XX:ReservedCodeCacheSize=
#   JVM is running with Unscaled Compressed Oops mode in which the Java heap is
#     placed in the first 4GB address space. The Java Heap base address is the
#     maximum limit for the native heap growth. Please use -XX:HeapBaseMinAddress
#     to set the Java Heap base and to place the Java Heap above 4GB virtual address.
# This output file may be truncated or incomplete.
#
#  Out of Memory Error (os_windows.cpp:3736), pid=68276, tid=11760
#
# JRE version: OpenJDK Runtime Environment Microsoft-11933218 (21.0.8+9) (build 21.0.8+9-LTS)
# Java VM: OpenJDK 64-Bit Server VM Microsoft-11933218 (21.0.8+9-LTS, mixed mode, sharing, tiered, compressed oops, compressed class ptrs, g1 gc, windows-amd64)
# No core dump will be written. Minidumps are not enabled by default on client versions of Windows
#

---------------  S U M M A R Y ------------

Command Line: C:\Users\manis\AppData\Local\Temp\surefire715093118219007751\surefirebooter-20251023231552191_3.jar C:\Users\manis\AppData\Local\Temp\surefire715093118219007751 2025-10-23T23-15-51_922-jvmRun1 surefire-20251023231552191_1tmp surefire_0-20251023231552191_2tmp

Host: AMD Ryzen 3 7320U with Radeon Graphics         , 8 cores, 5G,  Windows 11 , 64 bit Build 26100 (10.0.26100.6725)
Time: Thu Oct 23 23:16:10 2025 India Standard Time elapsed time: 17.192860 seconds (0d 0h 0m 17s)

---------------  T H R E A D  ---------------

Current thread (0x000001fd76087670):  VMThread "VM Thread"          [id=11760, stack(0x000000a7aa100000,0x000000a7aa200000) (1024K)]

Stack: [0x000000a7aa100000,0x000000a7aa200000]
Native frames: (J=compiled Java code, j=interpreted, Vv=VM code, C=native code)
V  [jvm.dll+0x6e1729]
V  [jvm.dll+0x8bf47b]
V  [jvm.dll+0x8c19aa]
V  [jvm.dll+0x8c2083]
V  [jvm.dll+0x289fd6]
V  [jvm.dll+0x6de085]
V  [jvm.dll+0x6d218a]
V  [jvm.dll+0x366f6e]
V  [jvm.dll+0x36ee1b]
V  [jvm.dll+0x3c06b9]
V  [jvm.dll+0x3c095b]
V  [jvm.dll+0x33a8b7]
V  [jvm.dll+0x33a947]
V  [jvm.dll+0x37f68c]
V  [jvm.dll+0x37de6e]
V  [jvm.dll+0x33a011]
V  [jvm.dll+0x37d4da]
V  [jvm.dll+0x8c7def]
V  [jvm.dll+0x8c92fc]
V  [jvm.dll+0x8c9874]
V  [jvm.dll+0x8c9973]
V  [jvm.dll+0x86975d]
V  [jvm.dll+0x6dff2d]
C  [ucrtbase.dll+0x37b0]
C  [KERNEL32.DLL+0x2e8d7]
C  [ntdll.dll+0x8c53c]

VM_Operation (0x000000a7a9afacd0): G1CollectForAllocation, mode: safepoint, requested by thread 0x000001fd57c61eb0


---------------  P R O C E S S  ---------------

Threads class SMR info:
_java_thread_list=0x000001fd7da5e4a0, length=16, elements={
0x000001fd57c61eb0, 0x000001fd760a2310, 0x000001fd760a2f60, 0x000001fd760a89a0,
0x000001fd760abaf0, 0x000001fd760adf80, 0x000001fd760ae9d0, 0x000001fd760c45f0,
0x000001fd760ca110, 0x000001fd7620a420, 0x000001fd7620ac40, 0x000001fd76711d10,
0x000001fd763dd850, 0x000001fd7c45e500, 0x000001fd7da4a960, 0x000001fd7ebc3130
}

Java Threads: ( => current thread )
  0x000001fd57c61eb0 JavaThread "main"                              [_thread_blocked, id=66696, stack(0x000000a7a9a00000,0x000000a7a9b00000) (1024K)]
  0x000001fd760a2310 JavaThread "Reference Handler"          daemon [_thread_blocked, id=65932, stack(0x000000a7aa200000,0x000000a7aa300000) (1024K)]
  0x000001fd760a2f60 JavaThread "Finalizer"                  daemon [_thread_blocked, id=65192, stack(0x000000a7aa300000,0x000000a7aa400000) (1024K)]
  0x000001fd760a89a0 JavaThread "Signal Dispatcher"          daemon [_thread_blocked, id=67640, stack(0x000000a7aa400000,0x000000a7aa500000) (1024K)]
  0x000001fd760abaf0 JavaThread "Attach Listener"            daemon [_thread_blocked, id=68036, stack(0x000000a7aa500000,0x000000a7aa600000) (1024K)]
  0x000001fd760adf80 JavaThread "Service Thread"             daemon [_thread_blocked, id=56740, stack(0x000000a7aa600000,0x000000a7aa700000) (1024K)]
  0x000001fd760ae9d0 JavaThread "Monitor Deflation Thread"   daemon [_thread_blocked, id=67976, stack(0x000000a7aa700000,0x000000a7aa800000) (1024K)]
  0x000001fd760c45f0 JavaThread "C2 CompilerThread0"         daemon [_thread_blocked, id=18156, stack(0x000000a7aa800000,0x000000a7aa900000) (1024K)]
  0x000001fd760ca110 JavaThread "C1 CompilerThread0"         daemon [_thread_blocked, id=67736, stack(0x000000a7aa900000,0x000000a7aaa00000) (1024K)]
  0x000001fd7620a420 JavaThread "Notification Thread"        daemon [_thread_blocked, id=51076, stack(0x000000a7aaa00000,0x000000a7aab00000) (1024K)]
  0x000001fd7620ac40 JavaThread "Common-Cleaner"             daemon [_thread_blocked, id=65852, stack(0x000000a7aab00000,0x000000a7aac00000) (1024K)]
  0x000001fd76711d10 JavaThread "surefire-forkedjvm-stream-flusher" daemon [_thread_blocked, id=68380, stack(0x000000a7aac00000,0x000000a7aad00000) (1024K)]
  0x000001fd763dd850 JavaThread "surefire-forkedjvm-command-thread" daemon [_thread_in_native, id=48468, stack(0x000000a7aad00000,0x000000a7aae00000) (1024K)]
  0x000001fd7c45e500 JavaThread "PostgreSQL-JDBC-Cleaner"    daemon [_thread_blocked, id=64816, stack(0x000000a7ab700000,0x000000a7ab800000) (1024K)]
  0x000001fd7da4a960 JavaThread "HikariPool-1:housekeeper"   daemon [_thread_blocked, id=68184, stack(0x000000a7ab800000,0x000000a7ab900000) (1024K)]
  0x000001fd7ebc3130 JavaThread "C2 CompilerThread1"         daemon [_thread_blocked, id=66388, stack(0x000000a7ab900000,0x000000a7aba00000) (1024K)]
Total: 16

Other Threads:
=>0x000001fd76087670 VMThread "VM Thread"                           [id=11760, stack(0x000000a7aa100000,0x000000a7aa200000) (1024K)]
  0x000001fd760743b0 WatcherThread "VM Periodic Task Thread"        [id=60616, stack(0x000000a7aa000000,0x000000a7aa100000) (1024K)]
  0x000001fd59ffbc50 WorkerThread "GC Thread#0"                     [id=36516, stack(0x000000a7a9b00000,0x000000a7a9c00000) (1024K)]
  0x000001fd7b3a0970 WorkerThread "GC Thread#1"                     [id=67812, stack(0x000000a7aae00000,0x000000a7aaf00000) (1024K)]
  0x000001fd7b355c60 WorkerThread "GC Thread#2"                     [id=67784, stack(0x000000a7aaf00000,0x000000a7ab000000) (1024K)]
  0x000001fd7b356000 WorkerThread "GC Thread#3"                     [id=65644, stack(0x000000a7ab000000,0x000000a7ab100000) (1024K)]
  0x000001fd7b3563a0 WorkerThread "GC Thread#4"                     [id=61996, stack(0x000000a7ab100000,0x000000a7ab200000) (1024K)]
  0x000001fd7b356b40 WorkerThread "GC Thread#5"                     [id=64564, stack(0x000000a7ab200000,0x000000a7ab300000) (1024K)]
  0x000001fd7b3574f0 WorkerThread "GC Thread#6"                     [id=67172, stack(0x000000a7ab300000,0x000000a7ab400000) (1024K)]
  0x000001fd7b3678a0 WorkerThread "GC Thread#7"                     [id=66452, stack(0x000000a7ab400000,0x000000a7ab500000) (1024K)]
  0x000001fd5a008c00 ConcurrentGCThread "G1 Main Marker"            [id=65572, stack(0x000000a7a9c00000,0x000000a7a9d00000) (1024K)]
  0x000001fd5a00a580 WorkerThread "G1 Conc#0"                       [id=46432, stack(0x000000a7a9d00000,0x000000a7a9e00000) (1024K)]
  0x000001fd7b594a70 WorkerThread "G1 Conc#1"                       [id=64592, stack(0x000000a7ab600000,0x000000a7ab700000) (1024K)]
  0x000001fd5a07e400 ConcurrentGCThread "G1 Refine#0"               [id=52244, stack(0x000000a7a9e00000,0x000000a7a9f00000) (1024K)]
  0x000001fd75f490f0 ConcurrentGCThread "G1 Service"                [id=68116, stack(0x000000a7a9f00000,0x000000a7aa000000) (1024K)]
Total: 15

Threads with active compile tasks:
C2 CompilerThread0  17228 7897       4       sun.reflect.generics.parser.SignatureParser::parsePackageNameAndSimpleClassTypeSignature (119 bytes)
C2 CompilerThread1  17228 7893       4       org.springframework.boot.context.properties.source.ConfigurationPropertyName::toString (46 bytes)
Total: 2

VM state: at safepoint (normal execution)

VM Mutex/Monitor currently owned by a thread:  ([mutex/lock_event])
[0x00007ffc3921a7c8] Threads_lock - owner thread: 0x000001fd76087670
[0x00007ffc3921a8c8] Heap_lock - owner thread: 0x000001fd57c61eb0

Heap address: 0x00000000a4200000, size: 1470 MB, Compressed Oops mode: 32-bit

CDS archive(s) mapped at: [0x000001fd00000000-0x000001fd00c80000-0x000001fd00c80000), size 13107200, SharedBaseAddress: 0x000001fd00000000, ArchiveRelocationMode: 1.
Compressed class space mapped at: 0x000001fd01000000-0x000001fd41000000, reserved size: 1073741824
Narrow klass base: 0x000001fd00000000, Narrow klass shift: 0, Narrow klass range: 0x100000000

GC Precious Log:
 CardTable entry size: 512
 Card Set container configuration: InlinePtr #cards 5 size 8 Array Of Cards #cards 12 size 40 Howl #buckets 4 coarsen threshold 1843 Howl Bitmap #cards 512 size 80 coarsen threshold 460 Card regions per heap region 1 cards per card region 2048
 CPUs: 8 total, 8 available
 Memory: 5877M
 Large Page Support: Disabled
 NUMA Support: Disabled
 Compressed Oops: Enabled (32-bit)
 Heap Region Size: 1M
 Heap Min Capacity: 8M
 Heap Initial Capacity: 92M
 Heap Max Capacity: 1470M
 Pre-touch: Disabled
 Parallel Workers: 8
 Concurrent Workers: 2
 Concurrent Refinement Workers: 8
 Periodic GC: Disabled

Heap:
 garbage-first heap   total 107520K, used 65536K [0x00000000a4200000, 0x0000000100000000)
  region size 1024K, 4 young (4096K), 4 survivors (4096K)
 Metaspace       used 81592K, committed 82432K, reserved 1179648K
  class space    used 11661K, committed 12032K, reserved 1048576K

Heap Regions: E=young(eden), S=young(survivor), O=old, HS=humongous(starts), HC=humongous(continues), CS=collection set, F=free, TAMS=top-at-mark-start, PB=parsable bottom
|   0|0x00000000a4200000, 0x00000000a4300000, 0x00000000a4300000|100%|HS|  |TAMS 0x00000000a4200000| PB 0x00000000a4200000| Complete 
|   1|0x00000000a4300000, 0x00000000a4400000, 0x00000000a4400000|100%|HS|  |TAMS 0x00000000a4300000| PB 0x00000000a4300000| Complete 
|   2|0x00000000a4400000, 0x00000000a4500000, 0x00000000a4500000|100%|HS|  |TAMS 0x00000000a4400000| PB 0x00000000a4400000| Complete 
|   3|0x00000000a4500000, 0x00000000a4600000, 0x00000000a4600000|100%|HC|  |TAMS 0x00000000a4500000| PB 0x00000000a4500000| Complete 
|   4|0x00000000a4600000, 0x00000000a4700000, 0x00000000a4700000|100%| O|  |TAMS 0x00000000a4600000| PB 0x00000000a4600000| Untracked 
|   5|0x00000000a4700000, 0x00000000a4800000, 0x00000000a4800000|100%| O|  |TAMS 0x00000000a4700000| PB 0x00000000a4700000| Untracked 
|   6|0x00000000a4800000, 0x00000000a4900000, 0x00000000a4900000|100%| O|  |TAMS 0x00000000a4800000| PB 0x00000000a4800000| Untracked 
|   7|0x00000000a4900000, 0x00000000a4a00000, 0x00000000a4a00000|100%| O|  |TAMS 0x00000000a4900000| PB 0x00000000a4900000| Untracked 
|   8|0x00000000a4a00000, 0x00000000a4b00000, 0x00000000a4b00000|100%| O|  |TAMS 0x00000000a4a00000| PB 0x00000000a4a00000| Untracked 
|   9|0x00000000a4b00000, 0x00000000a4c00000, 0x00000000a4c00000|100%| O|  |TAMS 0x00000000a4b00000| PB 0x00000000a4b00000| Untracked 
|  10|0x00000000a4c00000, 0x00000000a4d00000, 0x00000000a4d00000|100%| O|  |TAMS 0x00000000a4c00000| PB 0x00000000a4c00000| Untracked 
|  11|0x00000000a4d00000, 0x00000000a4e00000, 0x00000000a4e00000|100%| O|  |TAMS 0x00000000a4d00000| PB 0x00000000a4d00000| Untracked 
|  12|0x00000000a4e00000, 0x00000000a4f00000, 0x00000000a4f00000|100%| O|  |TAMS 0x00000000a4e00000| PB 0x00000000a4e00000| Untracked 
|  13|0x00000000a4f00000, 0x00000000a5000000, 0x00000000a5000000|100%| O|  |TAMS 0x00000000a4f00000| PB 0x00000000a4f00000| Untracked 
|  14|0x00000000a5000000, 0x00000000a5100000, 0x00000000a5100000|100%| O|  |TAMS 0x00000000a5000000| PB 0x00000000a5000000| Untracked 
|  15|0x00000000a5100000, 0x00000000a5200000, 0x00000000a5200000|100%| O|  |TAMS 0x00000000a5100000| PB 0x00000000a5100000| Untracked 
|  16|0x00000000a5200000, 0x00000000a5300000, 0x00000000a5300000|100%| O|  |TAMS 0x00000000a5200000| PB 0x00000000a5200000| Untracked 
|  17|0x00000000a5300000, 0x00000000a5400000, 0x00000000a5400000|100%| O|  |TAMS 0x00000000a5300000| PB 0x00000000a5300000| Untracked 
|  18|0x00000000a5400000, 0x00000000a5500000, 0x00000000a5500000|100%| O|  |TAMS 0x00000000a5400000| PB 0x00000000a5400000| Untracked 
|  19|0x00000000a5500000, 0x00000000a5600000, 0x00000000a5600000|100%| O|  |TAMS 0x00000000a5500000| PB 0x00000000a5500000| Untracked 
|  20|0x00000000a5600000, 0x00000000a5700000, 0x00000000a5700000|100%| O|  |TAMS 0x00000000a5600000| PB 0x00000000a5600000| Untracked 
|  21|0x00000000a5700000, 0x00000000a5800000, 0x00000000a5800000|100%| O|  |TAMS 0x00000000a5700000| PB 0x00000000a5700000| Untracked 
|  22|0x00000000a5800000, 0x00000000a5900000, 0x00000000a5900000|100%| O|  |TAMS 0x00000000a5800000| PB 0x00000000a5800000| Untracked 
|  23|0x00000000a5900000, 0x00000000a5a00000, 0x00000000a5a00000|100%| O|  |TAMS 0x00000000a5900000| PB 0x00000000a5900000| Untracked 
|  24|0x00000000a5a00000, 0x00000000a5b00000, 0x00000000a5b00000|100%| O|  |TAMS 0x00000000a5a00000| PB 0x00000000a5a00000| Untracked 
|  25|0x00000000a5b00000, 0x00000000a5c00000, 0x00000000a5c00000|100%| O|  |TAMS 0x00000000a5b00000| PB 0x00000000a5b00000| Untracked 
|  26|0x00000000a5c00000, 0x00000000a5d00000, 0x00000000a5d00000|100%| O|  |TAMS 0x00000000a5c00000| PB 0x00000000a5c00000| Untracked 
|  27|0x00000000a5d00000, 0x00000000a5e00000, 0x00000000a5e00000|100%| O|  |TAMS 0x00000000a5d00000| PB 0x00000000a5d00000| Untracked 
|  28|0x00000000a5e00000, 0x00000000a5f00000, 0x00000000a5f00000|100%| O|  |TAMS 0x00000000a5e00000| PB 0x00000000a5e00000| Untracked 
|  29|0x00000000a5f00000, 0x00000000a6000000, 0x00000000a6000000|100%| O|  |TAMS 0x00000000a5f00000| PB 0x00000000a5f00000| Untracked 
|  30|0x00000000a6000000, 0x00000000a6100000, 0x00000000a6100000|100%| O|  |TAMS 0x00000000a6000000| PB 0x00000000a6000000| Untracked 
|  31|0x00000000a6100000, 0x00000000a6200000, 0x00000000a6200000|100%| O|  |TAMS 0x00000000a6100000| PB 0x00000000a6100000| Untracked 
|  32|0x00000000a6200000, 0x00000000a6300000, 0x00000000a6300000|100%| O|  |TAMS 0x00000000a6200000| PB 0x00000000a6200000| Untracked 
|  33|0x00000000a6300000, 0x00000000a6400000, 0x00000000a6400000|100%| O|  |TAMS 0x00000000a6300000| PB 0x00000000a6300000| Untracked 
|  34|0x00000000a6400000, 0x00000000a6500000, 0x00000000a6500000|100%| O|  |TAMS 0x00000000a6400000| PB 0x00000000a6400000| Untracked 
|  35|0x00000000a6500000, 0x00000000a6600000, 0x00000000a6600000|100%| O|  |TAMS 0x00000000a6500000| PB 0x00000000a6500000| Untracked 
|  36|0x00000000a6600000, 0x00000000a6600000, 0x00000000a6700000|  0%| F|  |TAMS 0x00000000a6600000| PB 0x00000000a6600000| Untracked 
|  37|0x00000000a6700000, 0x00000000a6800000, 0x00000000a6800000|100%| O|  |TAMS 0x00000000a6700000| PB 0x00000000a6700000| Untracked 
|  38|0x00000000a6800000, 0x00000000a6900000, 0x00000000a6900000|100%| O|  |TAMS 0x00000000a6800000| PB 0x00000000a6800000| Untracked 
|  39|0x00000000a6900000, 0x00000000a6a00000, 0x00000000a6a00000|100%| O|  |TAMS 0x00000000a6900000| PB 0x00000000a6900000| Untracked 
|  40|0x00000000a6a00000, 0x00000000a6b00000, 0x00000000a6b00000|100%| O|  |TAMS 0x00000000a6a00000| PB 0x00000000a6a00000| Untracked 
|  41|0x00000000a6b00000, 0x00000000a6c00000, 0x00000000a6c00000|100%| O|  |TAMS 0x00000000a6b00000| PB 0x00000000a6b00000| Untracked 
|  42|0x00000000a6c00000, 0x00000000a6c00000, 0x00000000a6d00000|  0%| F|  |TAMS 0x00000000a6c00000| PB 0x00000000a6c00000| Untracked 
|  43|0x00000000a6d00000, 0x00000000a6d00000, 0x00000000a6e00000|  0%| F|  |TAMS 0x00000000a6d00000| PB 0x00000000a6d00000| Untracked 
|  44|0x00000000a6e00000, 0x00000000a6f00000, 0x00000000a6f00000|100%| O|  |TAMS 0x00000000a6e00000| PB 0x00000000a6e00000| Untracked 
|  45|0x00000000a6f00000, 0x00000000a7000000, 0x00000000a7000000|100%| O|  |TAMS 0x00000000a6f00000| PB 0x00000000a6f00000| Untracked 
|  46|0x00000000a7000000, 0x00000000a7100000, 0x00000000a7100000|100%| O|  |TAMS 0x00000000a7000000| PB 0x00000000a7000000| Untracked 
|  47|0x00000000a7100000, 0x00000000a7200000, 0x00000000a7200000|100%| O|  |TAMS 0x00000000a7100000| PB 0x00000000a7100000| Untracked 
|  48|0x00000000a7200000, 0x00000000a7300000, 0x00000000a7300000|100%| O|  |TAMS 0x00000000a7200000| PB 0x00000000a7200000| Untracked 
|  49|0x00000000a7300000, 0x00000000a7400000, 0x00000000a7400000|100%| O|  |TAMS 0x00000000a7300000| PB 0x00000000a7300000| Untracked 
|  50|0x00000000a7400000, 0x00000000a7500000, 0x00000000a7500000|100%| O|  |TAMS 0x00000000a7400000| PB 0x00000000a7400000| Untracked 
|  51|0x00000000a7500000, 0x00000000a7600000, 0x00000000a7600000|100%| O|  |TAMS 0x00000000a7500000| PB 0x00000000a7500000| Untracked 
|  52|0x00000000a7600000, 0x00000000a7700000, 0x00000000a7700000|100%| O|  |TAMS 0x00000000a7600000| PB 0x00000000a7600000| Untracked 
|  53|0x00000000a7700000, 0x00000000a7800000, 0x00000000a7800000|100%| O|  |TAMS 0x00000000a7700000| PB 0x00000000a7700000| Untracked 
|  54|0x00000000a7800000, 0x00000000a7900000, 0x00000000a7900000|100%| O|  |TAMS 0x00000000a7800000| PB 0x00000000a7800000| Untracked 
|  55|0x00000000a7900000, 0x00000000a7a00000, 0x00000000a7a00000|100%| O|  |TAMS 0x00000000a7900000| PB 0x00000000a7900000| Untracked 
|  56|0x00000000a7a00000, 0x00000000a7b00000, 0x00000000a7b00000|100%| O|  |TAMS 0x00000000a7a00000| PB 0x00000000a7a00000| Untracked 
|  57|0x00000000a7b00000, 0x00000000a7c00000, 0x00000000a7c00000|100%| O|  |TAMS 0x00000000a7b00000| PB 0x00000000a7b00000| Untracked 
|  58|0x00000000a7c00000, 0x00000000a7d00000, 0x00000000a7d00000|100%| O|  |TAMS 0x00000000a7c00000| PB 0x00000000a7c00000| Untracked 
|  59|0x00000000a7d00000, 0x00000000a7e00000, 0x00000000a7e00000|100%| O|  |TAMS 0x00000000a7d00000| PB 0x00000000a7d00000| Untracked 
|  60|0x00000000a7e00000, 0x00000000a7f00000, 0x00000000a7f00000|100%| O|  |TAMS 0x00000000a7e00000| PB 0x00000000a7e00000| Untracked 
|  61|0x00000000a7f00000, 0x00000000a7f00000, 0x00000000a8000000|  0%| F|  |TAMS 0x00000000a7f00000| PB 0x00000000a7f00000| Untracked 
|  62|0x00000000a8000000, 0x00000000a8000000, 0x00000000a8100000|  0%| F|  |TAMS 0x00000000a8000000| PB 0x00000000a8000000| Untracked 
|  63|0x00000000a8100000, 0x00000000a8100000, 0x00000000a8200000|  0%| F|  |TAMS 0x00000000a8100000| PB 0x00000000a8100000| Untracked 
|  64|0x00000000a8200000, 0x00000000a8200000, 0x00000000a8300000|  0%| F|  |TAMS 0x00000000a8200000| PB 0x00000000a8200000| Untracked 
|  65|0x00000000a8300000, 0x00000000a8300000, 0x00000000a8400000|  0%| F|  |TAMS 0x00000000a8300000| PB 0x00000000a8300000| Untracked 
|  66|0x00000000a8400000, 0x00000000a8400000, 0x00000000a8500000|  0%| F|  |TAMS 0x00000000a8400000| PB 0x00000000a8400000| Untracked 
|  67|0x00000000a8500000, 0x00000000a8500000, 0x00000000a8600000|  0%| F|  |TAMS 0x00000000a8500000| PB 0x00000000a8500000| Untracked 
|  68|0x00000000a8600000, 0x00000000a8600000, 0x00000000a8700000|  0%| F|  |TAMS 0x00000000a8600000| PB 0x00000000a8600000| Untracked 
|  69|0x00000000a8700000, 0x00000000a8800000, 0x00000000a8800000|100%| S|CS|TAMS 0x00000000a8700000| PB 0x00000000a8700000| Complete 
|  70|0x00000000a8800000, 0x00000000a8900000, 0x00000000a8900000|100%| S|CS|TAMS 0x00000000a8800000| PB 0x00000000a8800000| Complete 
|  71|0x00000000a8900000, 0x00000000a8a00000, 0x00000000a8a00000|100%| S|CS|TAMS 0x00000000a8900000| PB 0x00000000a8900000| Complete 
|  72|0x00000000a8a00000, 0x00000000a8b00000, 0x00000000a8b00000|100%| S|CS|TAMS 0x00000000a8a00000| PB 0x00000000a8a00000| Complete 
|  73|0x00000000a8b00000, 0x00000000a8b00000, 0x00000000a8c00000|  0%| F|  |TAMS 0x00000000a8b00000| PB 0x00000000a8b00000| Untracked 
|  74|0x00000000a8c00000, 0x00000000a8c00000, 0x00000000a8d00000|  0%| F|  |TAMS 0x00000000a8c00000| PB 0x00000000a8c00000| Untracked 
|  75|0x00000000a8d00000, 0x00000000a8d00000, 0x00000000a8e00000|  0%| F|  |TAMS 0x00000000a8d00000| PB 0x00000000a8d00000| Untracked 
|  76|0x00000000a8e00000, 0x00000000a8e00000, 0x00000000a8f00000|  0%| F|  |TAMS 0x00000000a8e00000| PB 0x00000000a8e00000| Untracked 
|  77|0x00000000a8f00000, 0x00000000a8f00000, 0x00000000a9000000|  0%| F|  |TAMS 0x00000000a8f00000| PB 0x00000000a8f00000| Untracked 
|  78|0x00000000a9000000, 0x00000000a9000000, 0x00000000a9100000|  0%| F|  |TAMS 0x00000000a9000000| PB 0x00000000a9000000| Untracked 
|  79|0x00000000a9100000, 0x00000000a9100000, 0x00000000a9200000|  0%| F|  |TAMS 0x00000000a9100000| PB 0x00000000a9100000| Untracked 
|  80|0x00000000a9200000, 0x00000000a9200000, 0x00000000a9300000|  0%| F|  |TAMS 0x00000000a9200000| PB 0x00000000a9200000| Untracked 
|  81|0x00000000a9300000, 0x00000000a9300000, 0x00000000a9400000|  0%| F|  |TAMS 0x00000000a9300000| PB 0x00000000a9300000| Untracked 
|  82|0x00000000a9400000, 0x00000000a9400000, 0x00000000a9500000|  0%| F|  |TAMS 0x00000000a9400000| PB 0x00000000a9400000| Untracked 
|  83|0x00000000a9500000, 0x00000000a9500000, 0x00000000a9600000|  0%| F|  |TAMS 0x00000000a9500000| PB 0x00000000a9500000| Untracked 
|  84|0x00000000a9600000, 0x00000000a9600000, 0x00000000a9700000|  0%| F|  |TAMS 0x00000000a9600000| PB 0x00000000a9600000| Untracked 
|  85|0x00000000a9700000, 0x00000000a9700000, 0x00000000a9800000|  0%| F|  |TAMS 0x00000000a9700000| PB 0x00000000a9700000| Untracked 
|  86|0x00000000a9800000, 0x00000000a9800000, 0x00000000a9900000|  0%| F|  |TAMS 0x00000000a9800000| PB 0x00000000a9800000| Untracked 
|  87|0x00000000a9900000, 0x00000000a9900000, 0x00000000a9a00000|  0%| F|  |TAMS 0x00000000a9900000| PB 0x00000000a9900000| Untracked 
|  88|0x00000000a9a00000, 0x00000000a9a00000, 0x00000000a9b00000|  0%| F|  |TAMS 0x00000000a9a00000| PB 0x00000000a9a00000| Untracked 
|  89|0x00000000a9b00000, 0x00000000a9b00000, 0x00000000a9c00000|  0%| F|  |TAMS 0x00000000a9b00000| PB 0x00000000a9b00000| Untracked 
|  90|0x00000000a9c00000, 0x00000000a9c00000, 0x00000000a9d00000|  0%| F|  |TAMS 0x00000000a9c00000| PB 0x00000000a9c00000| Untracked 
|  91|0x00000000a9d00000, 0x00000000a9d00000, 0x00000000a9e00000|  0%| F|  |TAMS 0x00000000a9d00000| PB 0x00000000a9d00000| Untracked 
|  92|0x00000000a9e00000, 0x00000000a9e00000, 0x00000000a9f00000|  0%| F|  |TAMS 0x00000000a9e00000| PB 0x00000000a9e00000| Untracked 
|  93|0x00000000a9f00000, 0x00000000a9f00000, 0x00000000aa000000|  0%| F|  |TAMS 0x00000000a9f00000| PB 0x00000000a9f00000| Untracked 
|  94|0x00000000aa000000, 0x00000000aa000000, 0x00000000aa100000|  0%| F|  |TAMS 0x00000000aa000000| PB 0x00000000aa000000| Untracked 
|  95|0x00000000aa100000, 0x00000000aa100000, 0x00000000aa200000|  0%| F|  |TAMS 0x00000000aa100000| PB 0x00000000aa100000| Untracked 
|  96|0x00000000aa200000, 0x00000000aa200000, 0x00000000aa300000|  0%| F|  |TAMS 0x00000000aa200000| PB 0x00000000aa200000| Untracked 
|  97|0x00000000aa300000, 0x00000000aa300000, 0x00000000aa400000|  0%| F|  |TAMS 0x00000000aa300000| PB 0x00000000aa300000| Untracked 
|  98|0x00000000aa400000, 0x00000000aa400000, 0x00000000aa500000|  0%| F|  |TAMS 0x00000000aa400000| PB 0x00000000aa400000| Untracked 
|  99|0x00000000aa500000, 0x00000000aa500000, 0x00000000aa600000|  0%| F|  |TAMS 0x00000000aa500000| PB 0x00000000aa500000| Untracked 
| 100|0x00000000aa600000, 0x00000000aa600000, 0x00000000aa700000|  0%| F|  |TAMS 0x00000000aa600000| PB 0x00000000aa600000| Untracked 
| 101|0x00000000aa700000, 0x00000000aa700000, 0x00000000aa800000|  0%| F|  |TAMS 0x00000000aa700000| PB 0x00000000aa700000| Untracked 
| 102|0x00000000aa800000, 0x00000000aa800000, 0x00000000aa900000|  0%| F|  |TAMS 0x00000000aa800000| PB 0x00000000aa800000| Untracked 
|1468|0x00000000ffe00000, 0x00000000fff00000, 0x00000000fff00000|100%| O|  |TAMS 0x00000000ffe00000| PB 0x00000000ffe00000| Untracked 
|1469|0x00000000fff00000, 0x0000000100000000, 0x0000000100000000|100%| O|  |TAMS 0x00000000fff00000| PB 0x00000000fff00000| Untracked 

Card table byte_map: [0x000001fd71cd0000,0x000001fd71fb0000] _byte_map_base: 0x000001fd717af000

Marking Bits: (CMBitMap*) 0x000001fd59ffcb60
 Bits: [0x000001fd71fb0000, 0x000001fd736a8000)

Polling page: 0x000001fd57e40000

Metaspace:

Usage:
  Non-class:     68.29 MB used.
      Class:     11.39 MB used.
       Both:     79.68 MB used.

Virtual space:
  Non-class space:      128.00 MB reserved,      68.75 MB ( 54%) committed,  2 nodes.
      Class space:        1.00 GB reserved,      11.75 MB (  1%) committed,  1 nodes.
             Both:        1.12 GB reserved,      80.50 MB (  7%) committed. 

Chunk freelists:
   Non-Class:  10.34 MB
       Class:  4.14 MB
        Both:  14.48 MB

MaxMetaspaceSize: unlimited
CompressedClassSpaceSize: 1.00 GB
Initial GC threshold: 21.00 MB
Current GC threshold: 125.56 MB
CDS: on
 - commit_granule_bytes: 65536.
 - commit_granule_words: 8192.
 - virtual_space_node_default_size: 8388608.
 - enlarge_chunks_in_place: 1.
 - use_allocation_guard: 0.


Internal statistics:

num_allocs_failed_limit: 9.
num_arena_births: 1192.
num_arena_deaths: 0.
num_vsnodes_births: 3.
num_vsnodes_deaths: 0.
num_space_committed: 1288.
num_space_uncommitted: 0.
num_chunks_returned_to_freelist: 9.
num_chunks_taken_from_freelist: 4316.
num_chunk_merges: 9.
num_chunk_splits: 3069.
num_chunks_enlarged: 2365.
num_inconsistent_stats: 0.

CodeHeap 'non-profiled nmethods': size=120000Kb used=3884Kb max_used=3884Kb free=116115Kb
 bounds [0x000001fd6a190000, 0x000001fd6a560000, 0x000001fd716c0000]
CodeHeap 'profiled nmethods': size=120000Kb used=11597Kb max_used=11597Kb free=108402Kb
 bounds [0x000001fd626c0000, 0x000001fd63220000, 0x000001fd69bf0000]
CodeHeap 'non-nmethods': size=5760Kb used=1677Kb max_used=1763Kb free=4082Kb
 bounds [0x000001fd69bf0000, 0x000001fd69e60000, 0x000001fd6a190000]
CodeCache: size=245760Kb, used=17158Kb, max_used=17244Kb, free=228599Kb
 total_blobs=7489, nmethods=6776, adapters=617, full_count=0
Compilation: enabled, stopped_count=0, restarted_count=0

Compilation events (20 events):
Event: 15.878 Thread 0x000001fd760ca110 7883       3       java.lang.invoke.LambdaFormEditor::newSpeciesData (9 bytes)
Event: 15.878 Thread 0x000001fd760ca110 nmethod 7883 0x000001fd6320f810 code [0x000001fd6320f9e0, 0x000001fd6320fbc8]
Event: 15.878 Thread 0x000001fd760ca110 7885       3       java.lang.invoke.LambdaFormBuffer::renameParameter (29 bytes)
Event: 15.878 Thread 0x000001fd760ca110 nmethod 7885 0x000001fd6320fd10 code [0x000001fd6320fec0, 0x000001fd63210018]
Event: 15.878 Thread 0x000001fd760c45f0 nmethod 7886 0x000001fd6a4af410 code [0x000001fd6a4af5a0, 0x000001fd6a4af900]
Event: 15.879 Thread 0x000001fd7ebc3130 nmethod 7887 0x000001fd6a4aec90 code [0x000001fd6a4aee40, 0x000001fd6a4af2d0]
Event: 15.880 Thread 0x000001fd760ca110 7888       3       org.springframework.beans.factory.support.AbstractBeanFactory::initBeanWrapper (16 bytes)
Event: 15.880 Thread 0x000001fd760ca110 nmethod 7888 0x000001fd63210110 code [0x000001fd632102c0, 0x000001fd63210648]
Event: 15.881 Thread 0x000001fd760c45f0 7889       4       org.springframework.boot.context.properties.source.ConfigurationPropertyName::hashCode (55 bytes)
Event: 15.882 Thread 0x000001fd760ca110 7890       3       org.springframework.util.ClassUtils::getAllInterfacesForClassAsSet (106 bytes)
Event: 15.882 Thread 0x000001fd7ebc3130 7891       4       java.util.AbstractCollection::addAll (42 bytes)
Event: 15.883 Thread 0x000001fd7ebc3130 nmethod 7891 0x000001fd6a4ae810 code [0x000001fd6a4ae9c0, 0x000001fd6a4aeb28]
Event: 15.883 Thread 0x000001fd760ca110 nmethod 7890 0x000001fd63210790 code [0x000001fd63210b20, 0x000001fd63212138]
Event: 15.883 Thread 0x000001fd760ca110 7892       3       org.springframework.beans.factory.config.DependencyDescriptor::getResolvableType (49 bytes)
Event: 15.884 Thread 0x000001fd760ca110 nmethod 7892 0x000001fd63212a90 code [0x000001fd63212cc0, 0x000001fd63213438]
Event: 15.884 Thread 0x000001fd7ebc3130 7893       4       org.springframework.boot.context.properties.source.ConfigurationPropertyName::toString (46 bytes)
Event: 15.893 Thread 0x000001fd760c45f0 nmethod 7889 0x000001fd6a4ad310 code [0x000001fd6a4ad540, 0x000001fd6a4adfd0]
Event: 15.893 Thread 0x000001fd760c45f0 7894       4       jdk.internal.org.objectweb.asm.Frame::accept (264 bytes)
Event: 15.906 Thread 0x000001fd760c45f0 nmethod 7894 0x000001fd6a559c90 code [0x000001fd6a559ea0, 0x000001fd6a55ab78]
Event: 15.906 Thread 0x000001fd760c45f0 7897       4       sun.reflect.generics.parser.SignatureParser::parsePackageNameAndSimpleClassTypeSignature (119 bytes)

GC Heap History (20 events):
Event: 12.149 GC heap after
{Heap after GC invocations=14 (full 0):
 garbage-first heap   total 73728K, used 34436K [0x00000000a4200000, 0x0000000100000000)
  region size 1024K, 4 young (4096K), 4 survivors (4096K)
 Metaspace       used 66856K, committed 67520K, reserved 1114112K
  class space    used 9322K, committed 9600K, reserved 1048576K
}
Event: 12.841 GC heap before
{Heap before GC invocations=14 (full 0):
 garbage-first heap   total 73728K, used 64132K [0x00000000a4200000, 0x0000000100000000)
  region size 1024K, 33 young (33792K), 4 survivors (4096K)
 Metaspace       used 70728K, committed 71360K, reserved 1114112K
  class space    used 10117K, committed 10368K, reserved 1048576K
}
Event: 12.853 GC heap after
{Heap after GC invocations=15 (full 0):
 garbage-first heap   total 73728K, used 36595K [0x00000000a4200000, 0x0000000100000000)
  region size 1024K, 5 young (5120K), 5 survivors (5120K)
 Metaspace       used 70728K, committed 71360K, reserved 1114112K
  class space    used 10117K, committed 10368K, reserved 1048576K
}
Event: 13.052 GC heap before
{Heap before GC invocations=15 (full 0):
 garbage-first heap   total 73728K, used 62195K [0x00000000a4200000, 0x0000000100000000)
  region size 1024K, 31 young (31744K), 5 survivors (5120K)
 Metaspace       used 72253K, committed 72896K, reserved 1114112K
  class space    used 10341K, committed 10624K, reserved 1048576K
}
Event: 13.063 GC heap after
{Heap after GC invocations=16 (full 0):
 garbage-first heap   total 73728K, used 38770K [0x00000000a4200000, 0x0000000100000000)
  region size 1024K, 2 young (2048K), 2 survivors (2048K)
 Metaspace       used 72253K, committed 72896K, reserved 1114112K
  class space    used 10341K, committed 10624K, reserved 1048576K
}
Event: 13.388 GC heap before
{Heap before GC invocations=16 (full 0):
 garbage-first heap   total 73728K, used 65394K [0x00000000a4200000, 0x0000000100000000)
  region size 1024K, 28 young (28672K), 2 survivors (2048K)
 Metaspace       used 73174K, committed 73856K, reserved 1114112K
  class space    used 10457K, committed 10752K, reserved 1048576K
}
Event: 13.394 GC heap after
{Heap after GC invocations=17 (full 0):
 garbage-first heap   total 73728K, used 39899K [0x00000000a4200000, 0x0000000100000000)
  region size 1024K, 3 young (3072K), 3 survivors (3072K)
 Metaspace       used 73174K, committed 73856K, reserved 1114112K
  class space    used 10457K, committed 10752K, reserved 1048576K
}
Event: 13.534 GC heap before
{Heap before GC invocations=18 (full 0):
 garbage-first heap   total 73728K, used 65499K [0x00000000a4200000, 0x0000000100000000)
  region size 1024K, 28 young (28672K), 3 survivors (3072K)
 Metaspace       used 73338K, committed 74048K, reserved 1114112K
  class space    used 10488K, committed 10816K, reserved 1048576K
}
Event: 13.539 GC heap after
{Heap after GC invocations=19 (full 0):
 garbage-first heap   total 73728K, used 40566K [0x00000000a4200000, 0x0000000100000000)
  region size 1024K, 2 young (2048K), 2 survivors (2048K)
 Metaspace       used 73338K, committed 74048K, reserved 1114112K
  class space    used 10488K, committed 10816K, reserved 1048576K
}
Event: 13.606 GC heap before
{Heap before GC invocations=19 (full 0):
 garbage-first heap   total 73728K, used 66166K [0x00000000a4200000, 0x0000000100000000)
  region size 1024K, 27 young (27648K), 2 survivors (2048K)
 Metaspace       used 73358K, committed 74048K, reserved 1114112K
  class space    used 10496K, committed 10816K, reserved 1048576K
}
Event: 13.619 GC heap after
{Heap after GC invocations=20 (full 0):
 garbage-first heap   total 99328K, used 45613K [0x00000000a4200000, 0x0000000100000000)
  region size 1024K, 4 young (4096K), 4 survivors (4096K)
 Metaspace       used 73358K, committed 74048K, reserved 1114112K
  class space    used 10496K, committed 10816K, reserved 1048576K
}
Event: 13.690 GC heap before
{Heap before GC invocations=20 (full 0):
 garbage-first heap   total 99328K, used 85549K [0x00000000a4200000, 0x0000000100000000)
  region size 1024K, 43 young (44032K), 4 survivors (4096K)
 Metaspace       used 73360K, committed 74112K, reserved 1114112K
  class space    used 10496K, committed 10816K, reserved 1048576K
}
Event: 13.705 GC heap after
{Heap after GC invocations=21 (full 0):
 garbage-first heap   total 99328K, used 53760K [0x00000000a4200000, 0x0000000100000000)
  region size 1024K, 6 young (6144K), 6 survivors (6144K)
 Metaspace       used 73360K, committed 74112K, reserved 1114112K
  class space    used 10496K, committed 10816K, reserved 1048576K
}
Event: 13.796 GC heap before
{Heap before GC invocations=21 (full 0):
 garbage-first heap   total 99328K, used 85504K [0x00000000a4200000, 0x0000000100000000)
  region size 1024K, 37 young (37888K), 6 survivors (6144K)
 Metaspace       used 73509K, committed 74176K, reserved 1114112K
  class space    used 10512K, committed 10816K, reserved 1048576K
}
Event: 13.814 GC heap after
{Heap after GC invocations=22 (full 0):
 garbage-first heap   total 100352K, used 62464K [0x00000000a4200000, 0x0000000100000000)
  region size 1024K, 5 young (5120K), 5 survivors (5120K)
 Metaspace       used 73509K, committed 74176K, reserved 1114112K
  class space    used 10512K, committed 10816K, reserved 1048576K
}
Event: 14.466 GC heap before
{Heap before GC invocations=22 (full 0):
 garbage-first heap   total 100352K, used 84992K [0x00000000a4200000, 0x0000000100000000)
  region size 1024K, 27 young (27648K), 5 survivors (5120K)
 Metaspace       used 76196K, committed 76992K, reserved 1179648K
  class space    used 10885K, committed 11264K, reserved 1048576K
}
Event: 14.480 GC heap after
{Heap after GC invocations=23 (full 0):
 garbage-first heap   total 100352K, used 65536K [0x00000000a4200000, 0x0000000100000000)
  region size 1024K, 3 young (3072K), 3 survivors (3072K)
 Metaspace       used 76196K, committed 76992K, reserved 1179648K
  class space    used 10885K, committed 11264K, reserved 1048576K
}
Event: 15.131 GC heap before
{Heap before GC invocations=24 (full 0):
 garbage-first heap   total 107520K, used 84992K [0x00000000a4200000, 0x0000000100000000)
  region size 1024K, 24 young (24576K), 3 survivors (3072K)
 Metaspace       used 78234K, committed 78976K, reserved 1179648K
  class space    used 11184K, committed 11520K, reserved 1048576K
}
Event: 15.139 GC heap after
{Heap after GC invocations=25 (full 0):
 garbage-first heap   total 107520K, used 65536K [0x00000000a4200000, 0x0000000100000000)
  region size 1024K, 2 young (2048K), 2 survivors (2048K)
 Metaspace       used 78234K, committed 78976K, reserved 1179648K
  class space    used 11184K, committed 11520K, reserved 1048576K
}
Event: 15.906 GC heap before
{Heap before GC invocations=25 (full 0):
 garbage-first heap   total 107520K, used 94208K [0x00000000a4200000, 0x0000000100000000)
  region size 1024K, 30 young (30720K), 2 survivors (2048K)
 Metaspace       used 81592K, committed 82432K, reserved 1179648K
  class space    used 11661K, committed 12032K, reserved 1048576K
}

Dll operation events (11 events):
Event: 0.009 Loaded shared library C:\Users\manis\.jdks\ms-21.0.8\bin\java.dll
Event: 0.051 Loaded shared library C:\Users\manis\.jdks\ms-21.0.8\bin\jsvml.dll
Event: 0.069 Loaded shared library C:\Users\manis\.jdks\ms-21.0.8\bin\net.dll
Event: 0.071 Loaded shared library C:\Users\manis\.jdks\ms-21.0.8\bin\nio.dll
Event: 0.075 Loaded shared library C:\Users\manis\.jdks\ms-21.0.8\bin\zip.dll
Event: 0.190 Loaded shared library C:\Users\manis\.jdks\ms-21.0.8\bin\management.dll
Event: 0.202 Loaded shared library C:\Users\manis\.jdks\ms-21.0.8\bin\management_ext.dll
Event: 0.230 Loaded shared library C:\Users\manis\.jdks\ms-21.0.8\bin\jimage.dll
Event: 4.272 Loaded shared library C:\Users\manis\.jdks\ms-21.0.8\bin\sunmscapi.dll
Event: 6.856 Loaded shared library C:\Users\manis\.jdks\ms-21.0.8\bin\extnet.dll
Event: 8.177 Loaded shared library C:\Users\manis\.jdks\ms-21.0.8\bin\verify.dll

Deoptimization events (20 events):
Event: 15.406 Thread 0x000001fd57c61eb0 DEOPT PACKING pc=0x000001fd6283721a sp=0x000000a7a9afa400
Event: 15.406 Thread 0x000001fd57c61eb0 DEOPT UNPACKING pc=0x000001fd69c44e42 sp=0x000000a7a9af9898 mode 0
Event: 15.734 Thread 0x000001fd57c61eb0 Uncommon trap: trap_request=0xffffff45 fr.pc=0x000001fd6a537ed8 relative=0x0000000000002878
Event: 15.734 Thread 0x000001fd57c61eb0 Uncommon trap: reason=unstable_if action=reinterpret pc=0x000001fd6a537ed8 method=org.springframework.core.ResolvableType$WildcardBounds.get(Lorg/springframework/core/ResolvableType;)Lorg/springframework/core/ResolvableType$WildcardBounds; @ 9 c2
Event: 15.734 Thread 0x000001fd57c61eb0 DEOPT PACKING pc=0x000001fd6a537ed8 sp=0x000000a7a9afa760
Event: 15.734 Thread 0x000001fd57c61eb0 DEOPT UNPACKING pc=0x000001fd69c446a2 sp=0x000000a7a9afa760 mode 2
Event: 15.761 Thread 0x000001fd57c61eb0 Uncommon trap: trap_request=0xffffff45 fr.pc=0x000001fd6a51f4ec relative=0x00000000000000ac
Event: 15.761 Thread 0x000001fd57c61eb0 Uncommon trap: reason=unstable_if action=reinterpret pc=0x000001fd6a51f4ec method=org.springframework.util.ClassUtils.isAssignable(Ljava/lang/Class;Ljava/lang/Class;)Z @ 26 c2
Event: 15.761 Thread 0x000001fd57c61eb0 DEOPT PACKING pc=0x000001fd6a51f4ec sp=0x000000a7a9afb4d0
Event: 15.761 Thread 0x000001fd57c61eb0 DEOPT UNPACKING pc=0x000001fd69c446a2 sp=0x000000a7a9afb468 mode 2
Event: 15.839 Thread 0x000001fd57c61eb0 Uncommon trap: trap_request=0xffffffdc fr.pc=0x000001fd6a49898c relative=0x000000000000024c
Event: 15.839 Thread 0x000001fd57c61eb0 Uncommon trap: reason=class_check action=make_not_entrant pc=0x000001fd6a49898c method=java.util.ArrayList.toArray([Ljava/lang/Object;)[Ljava/lang/Object; @ 21 c2
Event: 15.839 Thread 0x000001fd57c61eb0 DEOPT PACKING pc=0x000001fd6a49898c sp=0x000000a7a9afb120
Event: 15.839 Thread 0x000001fd57c61eb0 DEOPT UNPACKING pc=0x000001fd69c446a2 sp=0x000000a7a9afb0d0 mode 2
Event: 15.848 Thread 0x000001fd57c61eb0 DEOPT PACKING pc=0x000001fd62c6cabc sp=0x000000a7a9afa020
Event: 15.848 Thread 0x000001fd57c61eb0 DEOPT UNPACKING pc=0x000001fd69c44e42 sp=0x000000a7a9af9530 mode 0
Event: 15.849 Thread 0x000001fd57c61eb0 Uncommon trap: trap_request=0xffffffcc fr.pc=0x000001fd6a49572c relative=0x000000000000036c
Event: 15.849 Thread 0x000001fd57c61eb0 Uncommon trap: reason=intrinsic_or_type_checked_inlining action=make_not_entrant pc=0x000001fd6a49572c method=java.util.ArrayList.toArray([Ljava/lang/Object;)[Ljava/lang/Object; @ 36 c2
Event: 15.849 Thread 0x000001fd57c61eb0 DEOPT PACKING pc=0x000001fd6a49572c sp=0x000000a7a9afa550
Event: 15.849 Thread 0x000001fd57c61eb0 DEOPT UNPACKING pc=0x000001fd69c446a2 sp=0x000000a7a9afa520 mode 2

Classes loaded (20 events):
Event: 15.171 Loading class java/security/UnrecoverableEntryException done
Event: 15.171 Loading class java/security/UnrecoverableKeyException done
Event: 15.264 Loading class java/time/DurationEditor
Event: 15.264 Loading class java/time/DurationEditor done
Event: 15.270 Loading class java/time/Duration$1
Event: 15.271 Loading class java/time/Duration$1 done
Event: 15.295 Loading class jdk/internal/classfile/ClassBuilder
Event: 15.295 Loading class jdk/internal/classfile/ClassfileBuilder
Event: 15.296 Loading class jdk/internal/classfile/ClassfileBuilder done
Event: 15.296 Loading class jdk/internal/classfile/ClassBuilder done
Event: 15.296 Loading class jdk/internal/classfile/ClassElement
Event: 15.297 Loading class jdk/internal/classfile/ClassfileElement
Event: 15.297 Loading class jdk/internal/classfile/ClassfileElement done
Event: 15.297 Loading class jdk/internal/classfile/ClassElement done
Event: 15.824 Loading class java/util/concurrent/atomic/AtomicIntegerArray
Event: 15.825 Loading class java/util/concurrent/atomic/AtomicIntegerArray done
Event: 15.859 Loading class javax/net/ssl/HostnameVerifier
Event: 15.860 Loading class javax/net/ssl/HostnameVerifier done
Event: 15.903 Loading class java/lang/foreign/MemorySegment
Event: 15.905 Loading class java/lang/foreign/MemorySegment done

Classes unloaded (0 events):
No events

Classes redefined (0 events):
No events

Internal exceptions (20 events):
Event: 11.654 Thread 0x000001fd57c61eb0 Implicit null exception at 0x000001fd6a4593bc to 0x000001fd6a45ae50
Event: 11.666 Thread 0x000001fd57c61eb0 Exception <a 'java/lang/IncompatibleClassChangeError'{0x00000000a76d4fd8}: Found class java.lang.Object, but interface was expected> (0x00000000a76d4fd8) 
thrown [s\src\hotspot\share\interpreter\linkResolver.cpp, line 840]
Event: 11.730 Thread 0x000001fd57c61eb0 Exception <a 'java/lang/IncompatibleClassChangeError'{0x00000000a74d0e58}: Found class java.lang.Object, but interface was expected> (0x00000000a74d0e58) 
thrown [s\src\hotspot\share\interpreter\linkResolver.cpp, line 840]
Event: 11.850 Thread 0x000001fd57c61eb0 Exception <a 'java/lang/IncompatibleClassChangeError'{0x00000000a7084a28}: Found class java.lang.Object, but interface was expected> (0x00000000a7084a28) 
thrown [s\src\hotspot\share\interpreter\linkResolver.cpp, line 840]
Event: 12.033 Thread 0x000001fd57c61eb0 Exception <a 'java/lang/IncompatibleClassChangeError'{0x00000000a688c818}: Found class java.lang.Object, but interface was expected> (0x00000000a688c818) 
thrown [s\src\hotspot\share\interpreter\linkResolver.cpp, line 840]
Event: 12.034 Thread 0x000001fd57c61eb0 Exception <a 'java/lang/IncompatibleClassChangeError'{0x00000000a68923b0}: Found class java.lang.Object, but interface was expected> (0x00000000a68923b0) 
thrown [s\src\hotspot\share\interpreter\linkResolver.cpp, line 840]
Event: 13.079 Thread 0x000001fd57c61eb0 Exception <a 'java/lang/NoSuchMethodError'{0x00000000a9c07c48}: 'void java.lang.invoke.Invokers$Holder.invokeExact_MT(java.lang.Object, java.lang.Object, java.lang.Object, java.lang.Object)'> (0x00000000a9c07c48) 
thrown [s\src\hotspot\share\interpreter\linkResolver.cpp, line 773]
Event: 13.457 Thread 0x000001fd57c61eb0 Exception <a 'java/lang/NoSuchMethodError'{0x00000000a8660ca0}: 'int java.lang.invoke.DirectMethodHandle$Holder.invokeStaticInit(java.lang.Object, int, java.lang.Object, java.lang.Object, java.lang.Object, java.lang.Object)'> (0x00000000a8660ca0) 
thrown [s\src\hotspot\share\interpreter\linkResolver.cpp, line 773]
Event: 14.035 Thread 0x000001fd57c61eb0 Exception <a 'java/lang/NoSuchMethodError'{0x00000000a9941860}: 'java.lang.Object java.lang.invoke.DirectMethodHandle$Holder.newInvokeSpecial(java.lang.Object, java.lang.Object, java.lang.Object, java.lang.Object, java.lang.Object, java.lang.Object, java.lang.Object, java.lang.Object)'> (0x00000000a9941860) 
thrown [s\src\hotspot\share\interpreter\linkResolver.cpp, line 773]
Event: 14.091 Thread 0x000001fd57c61eb0 Exception <a 'java/lang/NoSuchMethodError'{0x00000000a961baa0}: 'java.lang.Object java.lang.invoke.DirectMethodHandle$Holder.invokeVirtual(java.lang.Object, java.lang.Object, java.lang.Object, java.lang.Object, java.lang.Object, java.lang.Object)'> (0x00000000a961baa0) 
thrown [s\src\hotspot\share\interpreter\linkResolver.cpp, line 773]
Event: 14.164 Thread 0x000001fd57c61eb0 Exception <a 'java/lang/NoSuchMethodError'{0x00000000a95f07f8}: 'java.lang.Object java.lang.invoke.DirectMethodHandle$Holder.invokeVirtual(java.lang.Object, java.lang.Object, java.lang.Object, java.lang.Object, java.lang.Object, java.lang.Object, java.lang.Object)'> (0x00000000a95f07f8) 
thrown [s\src\hotspot\share\interpreter\linkResolver.cpp, line 773]
Event: 14.215 Thread 0x000001fd57c61eb0 Exception <a 'java/lang/NoSuchMethodError'{0x00000000a9226378}: 'void java.lang.invoke.DirectMethodHandle$Holder.invokeStatic(java.lang.Object, java.lang.Object, int)'> (0x00000000a9226378) 
thrown [s\src\hotspot\share\interpreter\linkResolver.cpp, line 773]
Event: 14.895 Thread 0x000001fd57c61eb0 Exception <a 'java/lang/IncompatibleClassChangeError'{0x00000000a9c06aa0}: Found class java.lang.Object, but interface was expected> (0x00000000a9c06aa0) 
thrown [s\src\hotspot\share\interpreter\linkResolver.cpp, line 840]
Event: 15.305 Thread 0x000001fd57c61eb0 Exception <a 'java/lang/NoSuchMethodError'{0x00000000aa492ec0}: 'void java.lang.invoke.DirectMethodHandle$Holder.invokeInterface(java.lang.Object, java.lang.Object, int)'> (0x00000000aa492ec0) 
thrown [s\src\hotspot\share\interpreter\linkResolver.cpp, line 773]
Event: 15.308 Thread 0x000001fd57c61eb0 Exception <a 'java/lang/IncompatibleClassChangeError'{0x00000000aa4d2838}: Found class java.lang.Object, but interface was expected> (0x00000000aa4d2838) 
thrown [s\src\hotspot\share\interpreter\linkResolver.cpp, line 840]
Event: 15.311 Thread 0x000001fd57c61eb0 Exception <a 'java/lang/NoSuchMethodError'{0x00000000aa4efee8}: 'void java.lang.invoke.DirectMethodHandle$Holder.invokeStatic(java.lang.Object, int, java.lang.Object)'> (0x00000000aa4efee8) 
thrown [s\src\hotspot\share\interpreter\linkResolver.cpp, line 773]
Event: 15.628 Thread 0x000001fd57c61eb0 Exception <a 'java/lang/NoSuchMethodError'{0x00000000a97671f8}: 'java.lang.Object java.lang.invoke.DirectMethodHandle$Holder.invokeVirtual(java.lang.Object, java.lang.Object, java.lang.Object, java.lang.Object, java.lang.Object, java.lang.Object, java.lang.Object, java.lang.Object, java.lang.Object)'> (0x00000000a97671f8) 
thrown [s\src\hotspot\share\interpreter\linkResolver.cpp, line 773]
Event: 15.683 Thread 0x000001fd57c61eb0 Exception <a 'java/lang/NoSuchMethodError'{0x00000000a952c2a8}: 'java.lang.Object java.lang.invoke.DirectMethodHandle$Holder.invokeVirtual(java.lang.Object, java.lang.Object, java.lang.Object, java.lang.Object, java.lang.Object, java.lang.Object, java.lang.Object, java.lang.Object, java.lang.Object, java.lang.Object)'> (0x00000000a952c2a8) 
thrown [s\src\hotspot\share\interpreter\linkResolver.cpp, line 773]
Event: 15.743 Thread 0x000001fd57c61eb0 Exception <a 'java/lang/IncompatibleClassChangeError'{0x00000000a91c9768}: Found class java.lang.Object, but interface was expected> (0x00000000a91c9768) 
thrown [s\src\hotspot\share\interpreter\linkResolver.cpp, line 840]
Event: 15.875 Thread 0x000001fd57c61eb0 Exception <a 'java/lang/NoSuchMethodError'{0x00000000a8ce6948}: 'java.lang.Object java.lang.invoke.Invokers$Holder.invoke_MT(java.lang.Object, java.lang.Object, java.lang.Object, java.lang.Object, java.lang.Object, java.lang.Object, java.lang.Object, java.lang.Object, java.lang.Object, java.lang.Object, java.lang.Object)'> (0x00000000a8ce6948) 
thrown [s\src\hotspot\share\interpreter\linkResolver.cpp, line 773]

ZGC Phase Switch (0 events):
No events

VM Operations (20 events):
Event: 14.299 Executing VM operation: ICBufferFull done
Event: 14.466 Executing VM operation: G1CollectForAllocation (G1 Evacuation Pause)
Event: 14.480 Executing VM operation: G1CollectForAllocation (G1 Evacuation Pause) done
Event: 14.532 Executing VM operation: G1PauseRemark
Event: 14.542 Executing VM operation: G1PauseRemark done
Event: 14.561 Executing VM operation: G1PauseCleanup
Event: 14.561 Executing VM operation: G1PauseCleanup done
Event: 14.624 Executing VM operation: HandshakeAllThreads (Deoptimize)
Event: 14.624 Executing VM operation: HandshakeAllThreads (Deoptimize) done
Event: 14.666 Executing VM operation: HandshakeAllThreads (Deoptimize)
Event: 14.666 Executing VM operation: HandshakeAllThreads (Deoptimize) done
Event: 14.668 Executing VM operation: HandshakeAllThreads (Deoptimize)
Event: 14.668 Executing VM operation: HandshakeAllThreads (Deoptimize) done
Event: 14.926 Executing VM operation: HandshakeAllThreads (Deoptimize)
Event: 14.926 Executing VM operation: HandshakeAllThreads (Deoptimize) done
Event: 15.131 Executing VM operation: G1CollectForAllocation (G1 Evacuation Pause)
Event: 15.139 Executing VM operation: G1CollectForAllocation (G1 Evacuation Pause) done
Event: 15.501 Executing VM operation: HandshakeAllThreads (Deoptimize)
Event: 15.501 Executing VM operation: HandshakeAllThreads (Deoptimize) done
Event: 15.906 Executing VM operation: G1CollectForAllocation (G1 Evacuation Pause)

Memory protections (0 events):
No events

Nmethod flushes (20 events):
Event: 14.541 Thread 0x000001fd76087670 flushing  nmethod 0x000001fd62e81810
Event: 14.541 Thread 0x000001fd76087670 flushing  nmethod 0x000001fd62eb0c90
Event: 14.541 Thread 0x000001fd76087670 flushing  nmethod 0x000001fd62edeb90
Event: 14.541 Thread 0x000001fd76087670 flushing  nmethod 0x000001fd62f10f90
Event: 14.541 Thread 0x000001fd76087670 flushing  nmethod 0x000001fd62f11e10
Event: 14.541 Thread 0x000001fd76087670 flushing  nmethod 0x000001fd62f12410
Event: 14.541 Thread 0x000001fd76087670 flushing  nmethod 0x000001fd62f12910
Event: 14.541 Thread 0x000001fd76087670 flushing  nmethod 0x000001fd62f13490
Event: 14.541 Thread 0x000001fd76087670 flushing  nmethod 0x000001fd62f15810
Event: 14.541 Thread 0x000001fd76087670 flushing  nmethod 0x000001fd62f1bc90
Event: 14.541 Thread 0x000001fd76087670 flushing  nmethod 0x000001fd62f47190
Event: 14.541 Thread 0x000001fd76087670 flushing  nmethod 0x000001fd62f49990
Event: 14.541 Thread 0x000001fd76087670 flushing  nmethod 0x000001fd62f82710
Event: 14.541 Thread 0x000001fd76087670 flushing  nmethod 0x000001fd62f8b390
Event: 14.541 Thread 0x000001fd76087670 flushing  nmethod 0x000001fd62f8d490
Event: 14.541 Thread 0x000001fd76087670 flushing  nmethod 0x000001fd62f8dc90
Event: 14.541 Thread 0x000001fd76087670 flushing  nmethod 0x000001fd62f98f10
Event: 14.541 Thread 0x000001fd76087670 flushing  nmethod 0x000001fd62fc5090
Event: 14.541 Thread 0x000001fd76087670 flushing  nmethod 0x000001fd63037410
Event: 14.541 Thread 0x000001fd76087670 flushing  nmethod 0x000001fd630f1990

Events (20 events):
Event: 0.049 Thread 0x000001fd57c61eb0 Thread added: 0x000001fd760a2f60
Event: 0.049 Thread 0x000001fd57c61eb0 Thread added: 0x000001fd760a89a0
Event: 0.049 Thread 0x000001fd57c61eb0 Thread added: 0x000001fd760abaf0
Event: 0.050 Thread 0x000001fd57c61eb0 Thread added: 0x000001fd760adf80
Event: 0.050 Thread 0x000001fd57c61eb0 Thread added: 0x000001fd760ae9d0
Event: 0.050 Thread 0x000001fd57c61eb0 Thread added: 0x000001fd760c45f0
Event: 0.050 Thread 0x000001fd57c61eb0 Thread added: 0x000001fd760ca110
Event: 0.064 Thread 0x000001fd57c61eb0 Thread added: 0x000001fd7620a420
Event: 0.065 Thread 0x000001fd57c61eb0 Thread added: 0x000001fd7620ac40
Event: 0.372 Thread 0x000001fd57c61eb0 Thread added: 0x000001fd76711d10
Event: 0.385 Thread 0x000001fd57c61eb0 Thread added: 0x000001fd763dd850
Event: 3.153 Thread 0x000001fd57c61eb0 Thread added: 0x000001fd7c5ee380
Event: 3.862 Thread 0x000001fd57c61eb0 Thread added: 0x000001fd7bf5df00
Event: 3.945 Thread 0x000001fd7bf5df00 Thread exited: 0x000001fd7bf5df00
Event: 4.320 Thread 0x000001fd7c5ee380 Thread exited: 0x000001fd7c5ee380
Event: 7.225 Thread 0x000001fd57c61eb0 Thread added: 0x000001fd7c45e500
Event: 7.249 Thread 0x000001fd57c61eb0 Thread added: 0x000001fd7da4a960
Event: 7.368 Thread 0x000001fd7da4a960 Thread added: 0x000001fd7ca21040
Event: 13.597 Thread 0x000001fd7ca21040 Thread exited: 0x000001fd7ca21040
Event: 15.097 Thread 0x000001fd760ca110 Thread added: 0x000001fd7ebc3130


Dynamic libraries:
0x00007ff6afbe0000 - 0x00007ff6afbee000 	C:\Users\manis\.jdks\ms-21.0.8\bin\java.exe
0x00007ffcbfc40000 - 0x00007ffcbfea8000 	C:\WINDOWS\SYSTEM32\ntdll.dll
0x00007ffcbe2e0000 - 0x00007ffcbe3a9000 	C:\WINDOWS\System32\KERNEL32.DLL
0x00007ffcbd1f0000 - 0x00007ffcbd5e2000 	C:\WINDOWS\System32\KERNELBASE.dll
0x00007ffcbd010000 - 0x00007ffcbd15b000 	C:\WINDOWS\System32\ucrtbase.dll
0x00007ffc85b30000 - 0x00007ffc85b4e000 	C:\Users\manis\.jdks\ms-21.0.8\bin\VCRUNTIME140.dll
0x00007ffca9050000 - 0x00007ffca9068000 	C:\Users\manis\.jdks\ms-21.0.8\bin\jli.dll
0x00007ffcbf0d0000 - 0x00007ffcbf295000 	C:\WINDOWS\System32\USER32.dll
0x00007ffc9f560000 - 0x00007ffc9f7f3000 	C:\WINDOWS\WinSxS\amd64_microsoft.windows.common-controls_6595b64144ccf1df_6.0.26100.6899_none_3e0efeeae32e88c1\COMCTL32.dll
0x00007ffcbcfe0000 - 0x00007ffcbd007000 	C:\WINDOWS\System32\win32u.dll
0x00007ffcbe8c0000 - 0x00007ffcbe969000 	C:\WINDOWS\System32\msvcrt.dll
0x00007ffcbf5e0000 - 0x00007ffcbf60b000 	C:\WINDOWS\System32\GDI32.dll
0x00007ffcbd8e0000 - 0x00007ffcbda0d000 	C:\WINDOWS\System32\gdi32full.dll
0x00007ffcbcf30000 - 0x00007ffcbcfd3000 	C:\WINDOWS\System32\msvcp_win.dll
0x00007ffcbf5a0000 - 0x00007ffcbf5cf000 	C:\WINDOWS\System32\IMM32.DLL
0x00007ffcaf6c0000 - 0x00007ffcaf6cc000 	C:\Users\manis\.jdks\ms-21.0.8\bin\vcruntime140_1.dll
0x00007ffc45540000 - 0x00007ffc455c9000 	C:\Users\manis\.jdks\ms-21.0.8\bin\msvcp140.dll
0x00007ffc38550000 - 0x00007ffc392fc000 	C:\Users\manis\.jdks\ms-21.0.8\bin\server\jvm.dll
0x00007ffcbdc80000 - 0x00007ffcbdd34000 	C:\WINDOWS\System32\ADVAPI32.dll
0x00007ffcbda60000 - 0x00007ffcbdb06000 	C:\WINDOWS\System32\sechost.dll
0x00007ffcbe7a0000 - 0x00007ffcbe8b8000 	C:\WINDOWS\System32\RPCRT4.dll
0x00007ffcbe400000 - 0x00007ffcbe474000 	C:\WINDOWS\System32\WS2_32.dll
0x00007ffca0980000 - 0x00007ffca098b000 	C:\WINDOWS\SYSTEM32\VERSION.dll
0x00007ffcb1b30000 - 0x00007ffcb1b65000 	C:\WINDOWS\SYSTEM32\WINMM.dll
0x00007ffcbcc30000 - 0x00007ffcbcc8e000 	C:\WINDOWS\SYSTEM32\POWRPROF.dll
0x00007ffcbcc10000 - 0x00007ffcbcc24000 	C:\WINDOWS\SYSTEM32\UMPDC.dll
0x00007ffcbbba0000 - 0x00007ffcbbbbb000 	C:\WINDOWS\SYSTEM32\kernel.appcore.dll
0x00007ffc798f0000 - 0x00007ffc798fa000 	C:\Users\manis\.jdks\ms-21.0.8\bin\jimage.dll
0x00007ffcba5c0000 - 0x00007ffcba802000 	C:\WINDOWS\SYSTEM32\DBGHELP.DLL
0x00007ffcbf690000 - 0x00007ffcbfa0b000 	C:\WINDOWS\System32\combase.dll
0x00007ffcbf360000 - 0x00007ffcbf437000 	C:\WINDOWS\System32\OLEAUT32.dll
0x00007ffc9e430000 - 0x00007ffc9e46c000 	C:\WINDOWS\SYSTEM32\dbgcore.DLL
0x00007ffcbcdd0000 - 0x00007ffcbce68000 	C:\WINDOWS\System32\bcryptPrimitives.dll
0x00007ffc53d10000 - 0x00007ffc53d31000 	C:\Users\manis\.jdks\ms-21.0.8\bin\java.dll
0x00007ffcbe980000 - 0x00007ffcbf0cd000 	C:\WINDOWS\System32\SHELL32.dll
0x00007ffcbd770000 - 0x00007ffcbd8db000 	C:\WINDOWS\System32\wintypes.dll
0x00007ffcbaa20000 - 0x00007ffcbb27d000 	C:\WINDOWS\SYSTEM32\windows.storage.dll
0x00007ffcbf4a0000 - 0x00007ffcbf592000 	C:\WINDOWS\System32\SHCORE.dll
0x00007ffcbe480000 - 0x00007ffcbe4e2000 	C:\WINDOWS\System32\shlwapi.dll
0x00007ffcbccf0000 - 0x00007ffcbcd19000 	C:\WINDOWS\SYSTEM32\profapi.dll
0x00007ffc44fb0000 - 0x00007ffc45086000 	C:\Users\manis\.jdks\ms-21.0.8\bin\jsvml.dll
0x00007ffc6ed80000 - 0x00007ffc6ed91000 	C:\Users\manis\.jdks\ms-21.0.8\bin\net.dll
0x00007ffcb6820000 - 0x00007ffcb693f000 	C:\WINDOWS\SYSTEM32\WINHTTP.dll
0x00007ffcbc110000 - 0x00007ffcbc17b000 	C:\WINDOWS\system32\mswsock.dll
0x00007ffc56810000 - 0x00007ffc56826000 	C:\Users\manis\.jdks\ms-21.0.8\bin\nio.dll
0x00007ffc4d260000 - 0x00007ffc4d278000 	C:\Users\manis\.jdks\ms-21.0.8\bin\zip.dll
0x00007ffc796a0000 - 0x00007ffc796aa000 	C:\Users\manis\.jdks\ms-21.0.8\bin\management.dll
0x00007ffc78770000 - 0x00007ffc7877c000 	C:\Users\manis\.jdks\ms-21.0.8\bin\management_ext.dll
0x00007ffcbdb10000 - 0x00007ffcbdb18000 	C:\WINDOWS\System32\PSAPI.DLL
0x00007ffc74810000 - 0x00007ffc7481e000 	C:\Users\manis\.jdks\ms-21.0.8\bin\sunmscapi.dll
0x00007ffcbd5f0000 - 0x00007ffcbd767000 	C:\WINDOWS\System32\CRYPT32.dll
0x00007ffcbc650000 - 0x00007ffcbc680000 	C:\WINDOWS\SYSTEM32\ncrypt.dll
0x00007ffcbc600000 - 0x00007ffcbc63f000 	C:\WINDOWS\SYSTEM32\NTASN1.dll
0x00007ffcbc3d0000 - 0x00007ffcbc3eb000 	C:\WINDOWS\SYSTEM32\CRYPTSP.dll
0x00007ffcbbb00000 - 0x00007ffcbbb3b000 	C:\WINDOWS\system32\rsaenh.dll
0x00007ffcbc1b0000 - 0x00007ffcbc1db000 	C:\WINDOWS\SYSTEM32\USERENV.dll
0x00007ffcbccc0000 - 0x00007ffcbcce6000 	C:\WINDOWS\SYSTEM32\bcrypt.dll
0x00007ffcbc3c0000 - 0x00007ffcbc3cc000 	C:\WINDOWS\SYSTEM32\CRYPTBASE.dll
0x00007ffcbb5f0000 - 0x00007ffcbb624000 	C:\WINDOWS\SYSTEM32\IPHLPAPI.DLL
0x00007ffcbe970000 - 0x00007ffcbe97a000 	C:\WINDOWS\System32\NSI.dll
0x00007ffcbb690000 - 0x00007ffcbb7b6000 	C:\WINDOWS\SYSTEM32\DNSAPI.dll
0x00007ffcb6580000 - 0x00007ffcb658b000 	C:\Windows\System32\rasadhlp.dll
0x00007ffcb69f0000 - 0x00007ffcb6a76000 	C:\WINDOWS\System32\fwpuclnt.dll
0x00007ffc71e20000 - 0x00007ffc71e29000 	C:\Users\manis\.jdks\ms-21.0.8\bin\extnet.dll
0x00007ffcaf2a0000 - 0x00007ffcaf2b0000 	C:\Users\manis\.jdks\ms-21.0.8\bin\verify.dll

JVMTI agents: none

dbghelp: loaded successfully - version: 4.0.5 - missing functions: none
symbol engine: initialized successfully - sym options: 0x614 - pdb path: .;C:\Users\manis\.jdks\ms-21.0.8\bin;C:\WINDOWS\SYSTEM32;C:\WINDOWS\WinSxS\amd64_microsoft.windows.common-controls_6595b64144ccf1df_6.0.26100.6899_none_3e0efeeae32e88c1;C:\Users\manis\.jdks\ms-21.0.8\bin\server

VM Arguments:
java_command: C:\Users\manis\AppData\Local\Temp\surefire715093118219007751\surefirebooter-20251023231552191_3.jar C:\Users\manis\AppData\Local\Temp\surefire715093118219007751 2025-10-23T23-15-51_922-jvmRun1 surefire-20251023231552191_1tmp surefire_0-20251023231552191_2tmp
java_class_path (initial): C:\Users\manis\AppData\Local\Temp\surefire715093118219007751\surefirebooter-20251023231552191_3.jar
Launcher Type: SUN_STANDARD

[Global flags]
     intx CICompilerCount                          = 4                                         {product} {ergonomic}
     uint ConcGCThreads                            = 2                                         {product} {ergonomic}
     uint G1ConcRefinementThreads                  = 8                                         {product} {ergonomic}
   size_t G1HeapRegionSize                         = 1048576                                   {product} {ergonomic}
    uintx GCDrainStackTargetSize                   = 64                                        {product} {ergonomic}
   size_t InitialHeapSize                          = 96468992                                  {product} {ergonomic}
   size_t MarkStackSize                            = 4194304                                   {product} {ergonomic}
   size_t MaxHeapSize                              = 1541406720                                {product} {ergonomic}
   size_t MaxNewSize                               = 924844032                                 {product} {ergonomic}
   size_t MinHeapDeltaBytes                        = 1048576                                   {product} {ergonomic}
   size_t MinHeapSize                              = 8388608                                   {product} {ergonomic}
    uintx NonNMethodCodeHeapSize                   = 5839372                                {pd product} {ergonomic}
    uintx NonProfiledCodeHeapSize                  = 122909434                              {pd product} {ergonomic}
    uintx ProfiledCodeHeapSize                     = 122909434                              {pd product} {ergonomic}
    uintx ReservedCodeCacheSize                    = 251658240                              {pd product} {ergonomic}
     bool SegmentedCodeCache                       = true                                      {product} {ergonomic}
   size_t SoftMaxHeapSize                          = 1541406720                             {manageable} {ergonomic}
     bool UseCompressedOops                        = true                           {product lp64_product} {ergonomic}
     bool UseG1GC                                  = true                                      {product} {ergonomic}
     bool UseLargePagesIndividualAllocation        = false                                  {pd product} {ergonomic}

Logging:
Log output configuration:
 #0: stdout all=warning uptime,level,tags foldmultilines=false
 #1: stderr all=off uptime,level,tags foldmultilines=false

Environment Variables:
JAVA_HOME=C:\Users\manis\.jdks\ms-21.0.8
PATH=C:\Program Files\Common Files\Oracle\Java\javapath;C:\Python313\Scripts\;C:\Python313\;C:\WINDOWS\system32;C:\WINDOWS;C:\WINDOWS\System32\Wbem;C:\WINDOWS\System32\WindowsPowerShell\v1.0\;C:\WINDOWS\System32\OpenSSH\;C:\MinGW\bin;C:\Program Files\nodejs\;C:\ProgramData\chocolatey\bin;C:\Program Files\Redis\;C:\Program Files\Amazon\AWSCLIV2\;C:\Program Files\Git\cmd;C:\Users\manis\Downloads\apache-maven-3.9.9-bin\apache-maven-3.9.9\bin;C:\Users\manis\.jdks\ms-21.0.8\bin;C:\Program Files\PuTTY\;C:\Program Files\PostgreSQL\17\bin;C:\Users\manis\AppData\Local\Programs\Python\Python312\Scripts\;C:\Users\manis\AppData\Local\Programs\Python\Python312\;C:\Users\manis\AppData\Local\Microsoft\WindowsApps;C:\Users\manis\AppData\Local\Programs\Microsoft VS Code\bin;C:\Program Files\JetBrains\IntelliJ IDEA 2024.1.4\bin;;C:\Program Files\JetBrains\IntelliJ IDEA Community Edition 2024.1.4\bin;;C:\Users\manis\AppData\Roaming\npm;C:\Users\manis\AppData\Local\Google\Cloud SDK\google-cloud-sdk\bin
USERNAME=manis
OS=Windows_NT
PROCESSOR_IDENTIFIER=AMD64 Family 23 Model 160 Stepping 0, AuthenticAMD
TMP=C:\Users\manis\AppData\Local\Temp
TEMP=C:\Users\manis\AppData\Local\Temp




Periodic native trim disabled

---------------  S Y S T E M  ---------------

OS:
 Windows 11 , 64 bit Build 26100 (10.0.26100.6725)
OS uptime: 1 days 9:14 hours
Hyper-V role detected

CPU: total 8 (initial active 8) (8 cores per cpu, 2 threads per core) family 23 model 160 stepping 0 microcode 0x8a00006, cx8, cmov, fxsr, ht, mmx, 3dnowpref, sse, sse2, sse3, ssse3, sse4a, sse4.1, sse4.2, popcnt, lzcnt, tsc, tscinvbit, avx, avx2, aes, clmul, bmi1, bmi2, adx, sha, fma, vzeroupper, clflush, clflushopt, hv, rdtscp, rdpid, f16c
Processor Information for processor 0
  Max Mhz: 2401, Current Mhz: 2000, Mhz Limit: 2401
Processor Information for processor 1
  Max Mhz: 2401, Current Mhz: 2000, Mhz Limit: 2401
Processor Information for processor 2
  Max Mhz: 2401, Current Mhz: 2000, Mhz Limit: 2401
Processor Information for processor 3
  Max Mhz: 2401, Current Mhz: 2000, Mhz Limit: 2401
Processor Information for processor 4
  Max Mhz: 2401, Current Mhz: 2000, Mhz Limit: 2401
Processor Information for processor 5
  Max Mhz: 2401, Current Mhz: 2401, Mhz Limit: 2401
Processor Information for processor 6
  Max Mhz: 2401, Current Mhz: 2401, Mhz Limit: 2401
Processor Information for processor 7
  Max Mhz: 2401, Current Mhz: 2000, Mhz Limit: 2401

Memory: 4k page, system-wide physical 5877M (575M free)
TotalPageFile size 24309M (AvailPageFile size 109M)
current process WorkingSet (physical memory assigned to process): 303M, peak: 311M
current process commit charge ("private bytes"): 368M, peak: 476M

vm_info: OpenJDK 64-Bit Server VM (21.0.8+9-LTS) for windows-amd64 JRE (21.0.8+9-LTS), built on 2025-07-10T20:22:44Z by "MicrosoftCorporation" with unknown MS VC++:1944

END.
