2025-10-23 00:08:50 -  INFO - c.M.t.C.JwtFilter - Processing request to URI: /customer/tours
2025-10-23 00:08:50 -  INFO - c.M.t.S.JwtService - Extracting username from token.
2025-10-23 00:08:50 -  INFO - c.M.t.S.JwtService - Extracting all claims from token.
2025-10-23 00:08:50 -  INFO - c.M.t.S.JwtService - Retrieving signing key.
2025-10-23 00:08:50 -  INFO - c.M.t.C.JwtFilter - User 'manishanichad2004@gmail.com' is not authenticated, proceeding with token validation.
2025-10-23 00:08:51 -  INFO - c.M.t.S.CustomUserDetailsService - User found with email: manishanichad2004@gmail.com, Role: ROLE_CUSTOMER
2025-10-23 00:08:51 -  INFO - c.M.t.C.UserPrincipal - UserPrincipal created for user with email: manishanichad2004@gmail.com
2025-10-23 00:08:51 -  INFO - c.M.t.S.JwtService - Validating token for user: manishanichad2004@gmail.com
2025-10-23 00:08:51 -  INFO - c.M.t.S.JwtService - Extracting username from token.
2025-10-23 00:08:51 -  INFO - c.M.t.S.JwtService - Extracting all claims from token.
2025-10-23 00:08:51 -  INFO - c.M.t.S.JwtService - Retrieving signing key.
2025-10-23 00:08:51 -  INFO - c.M.t.S.JwtService - Checking if token is expired.
2025-10-23 00:08:51 -  INFO - c.M.t.S.JwtService - Extracting expiration date from token.
2025-10-23 00:08:51 -  INFO - c.M.t.S.JwtService - Extracting all claims from token.
2025-10-23 00:08:51 -  INFO - c.M.t.S.JwtService - Retrieving signing key.
2025-10-23 00:08:51 -  INFO - c.M.t.S.JwtService - Token is valid for user: manishanichad2004@gmail.com
2025-10-23 00:08:51 -  INFO - c.M.t.C.UserPrincipal - Retrieving authorities for user: manishanichad2004@gmail.com
2025-10-23 00:08:51 -  INFO - c.M.t.C.UserPrincipal - Assigned authority: ROLE_CUSTOMER
2025-10-23 00:08:51 -  INFO - c.M.t.C.JwtFilter - User 'manishanichad2004@gmail.com' successfully authenticated.
2025-10-23 00:08:51 -  INFO - c.M.t.C.JwtFilter - Continuing filter chain for request to URI: /customer/tours
2025-10-23 00:08:51 -  INFO - c.M.t.S.TourService - Fetching all tours with details.
2025-10-23 00:08:53 -  INFO - c.M.t.C.JwtFilter - Processing request to URI: /customer/tours
2025-10-23 00:08:53 -  INFO - c.M.t.S.JwtService - Extracting username from token.
2025-10-23 00:08:53 -  INFO - c.M.t.S.JwtService - Extracting all claims from token.
2025-10-23 00:08:53 -  INFO - c.M.t.S.JwtService - Retrieving signing key.
2025-10-23 00:08:53 -  INFO - c.M.t.C.JwtFilter - User 'manishanichad2004@gmail.com' is not authenticated, proceeding with token validation.
2025-10-23 00:08:53 -  INFO - c.M.t.S.CustomUserDetailsService - User found with email: manishanichad2004@gmail.com, Role: ROLE_CUSTOMER
2025-10-23 00:08:53 -  INFO - c.M.t.C.UserPrincipal - UserPrincipal created for user with email: manishanichad2004@gmail.com
2025-10-23 00:08:53 -  INFO - c.M.t.S.JwtService - Validating token for user: manishanichad2004@gmail.com
2025-10-23 00:08:53 -  INFO - c.M.t.S.JwtService - Extracting username from token.
2025-10-23 00:08:53 -  INFO - c.M.t.S.JwtService - Extracting all claims from token.
2025-10-23 00:08:53 -  INFO - c.M.t.S.JwtService - Retrieving signing key.
2025-10-23 00:08:53 -  INFO - c.M.t.S.JwtService - Checking if token is expired.
2025-10-23 00:08:53 -  INFO - c.M.t.S.JwtService - Extracting expiration date from token.
2025-10-23 00:08:53 -  INFO - c.M.t.S.JwtService - Extracting all claims from token.
2025-10-23 00:08:53 -  INFO - c.M.t.S.JwtService - Retrieving signing key.
2025-10-23 00:08:53 -  INFO - c.M.t.S.JwtService - Token is valid for user: manishanichad2004@gmail.com
2025-10-23 00:08:53 -  INFO - c.M.t.C.UserPrincipal - Retrieving authorities for user: manishanichad2004@gmail.com
2025-10-23 00:08:53 -  INFO - c.M.t.C.UserPrincipal - Assigned authority: ROLE_CUSTOMER
2025-10-23 00:08:53 -  INFO - c.M.t.C.JwtFilter - User 'manishanichad2004@gmail.com' successfully authenticated.
2025-10-23 00:08:53 -  INFO - c.M.t.C.JwtFilter - Continuing filter chain for request to URI: /customer/tours
2025-10-23 00:08:53 -  INFO - c.M.t.S.TourService - Fetching all tours with details.
2025-10-23 00:08:53 -  INFO - c.M.t.C.JwtFilter - Processing request to URI: /customer/tours
2025-10-23 00:08:53 -  INFO - c.M.t.S.JwtService - Extracting username from token.
2025-10-23 00:08:53 -  INFO - c.M.t.S.JwtService - Extracting all claims from token.
2025-10-23 00:08:53 -  INFO - c.M.t.S.JwtService - Retrieving signing key.
2025-10-23 00:08:53 -  INFO - c.M.t.C.JwtFilter - User 'manishanichad2004@gmail.com' is not authenticated, proceeding with token validation.
2025-10-23 00:08:53 -  INFO - c.M.t.S.CustomUserDetailsService - User found with email: manishanichad2004@gmail.com, Role: ROLE_CUSTOMER
2025-10-23 00:08:53 -  INFO - c.M.t.C.UserPrincipal - UserPrincipal created for user with email: manishanichad2004@gmail.com
2025-10-23 00:08:53 -  INFO - c.M.t.S.JwtService - Validating token for user: manishanichad2004@gmail.com
2025-10-23 00:08:53 -  INFO - c.M.t.S.JwtService - Extracting username from token.
2025-10-23 00:08:53 -  INFO - c.M.t.S.JwtService - Extracting all claims from token.
2025-10-23 00:08:53 -  INFO - c.M.t.S.JwtService - Retrieving signing key.
2025-10-23 00:08:53 -  INFO - c.M.t.S.JwtService - Checking if token is expired.
2025-10-23 00:08:53 -  INFO - c.M.t.S.JwtService - Extracting expiration date from token.
2025-10-23 00:08:53 -  INFO - c.M.t.S.JwtService - Extracting all claims from token.
2025-10-23 00:08:53 -  INFO - c.M.t.S.JwtService - Retrieving signing key.
2025-10-23 00:08:53 -  INFO - c.M.t.S.JwtService - Token is valid for user: manishanichad2004@gmail.com
2025-10-23 00:08:53 -  INFO - c.M.t.C.UserPrincipal - Retrieving authorities for user: manishanichad2004@gmail.com
2025-10-23 00:08:53 -  INFO - c.M.t.C.UserPrincipal - Assigned authority: ROLE_CUSTOMER
2025-10-23 00:08:53 -  INFO - c.M.t.C.JwtFilter - User 'manishanichad2004@gmail.com' successfully authenticated.
2025-10-23 00:08:53 -  INFO - c.M.t.C.JwtFilter - Continuing filter chain for request to URI: /customer/tours
2025-10-23 00:08:53 -  INFO - c.M.t.S.TourService - Fetching all tours with details.
2025-10-23 00:08:53 -  INFO - c.M.t.C.JwtFilter - Processing request to URI: /customer/tours
2025-10-23 00:08:53 -  INFO - c.M.t.S.JwtService - Extracting username from token.
2025-10-23 00:08:53 -  INFO - c.M.t.S.JwtService - Extracting all claims from token.
2025-10-23 00:08:53 -  INFO - c.M.t.S.JwtService - Retrieving signing key.
2025-10-23 00:08:53 -  INFO - c.M.t.C.JwtFilter - User 'manishanichad2004@gmail.com' is not authenticated, proceeding with token validation.
2025-10-23 00:08:53 -  INFO - c.M.t.S.CustomUserDetailsService - User found with email: manishanichad2004@gmail.com, Role: ROLE_CUSTOMER
2025-10-23 00:08:53 -  INFO - c.M.t.C.UserPrincipal - UserPrincipal created for user with email: manishanichad2004@gmail.com
2025-10-23 00:08:53 -  INFO - c.M.t.S.JwtService - Validating token for user: manishanichad2004@gmail.com
2025-10-23 00:08:53 -  INFO - c.M.t.S.JwtService - Extracting username from token.
2025-10-23 00:08:53 -  INFO - c.M.t.S.JwtService - Extracting all claims from token.
2025-10-23 00:08:53 -  INFO - c.M.t.S.JwtService - Retrieving signing key.
2025-10-23 00:08:53 -  INFO - c.M.t.S.JwtService - Checking if token is expired.
2025-10-23 00:08:53 -  INFO - c.M.t.S.JwtService - Extracting expiration date from token.
2025-10-23 00:08:53 -  INFO - c.M.t.S.JwtService - Extracting all claims from token.
2025-10-23 00:08:53 -  INFO - c.M.t.S.JwtService - Retrieving signing key.
2025-10-23 00:08:53 -  INFO - c.M.t.S.JwtService - Token is valid for user: manishanichad2004@gmail.com
2025-10-23 00:08:53 -  INFO - c.M.t.C.UserPrincipal - Retrieving authorities for user: manishanichad2004@gmail.com
2025-10-23 00:08:53 -  INFO - c.M.t.C.UserPrincipal - Assigned authority: ROLE_CUSTOMER
2025-10-23 00:08:53 -  INFO - c.M.t.C.JwtFilter - User 'manishanichad2004@gmail.com' successfully authenticated.
2025-10-23 00:08:53 -  INFO - c.M.t.C.JwtFilter - Continuing filter chain for request to URI: /customer/tours
2025-10-23 00:08:53 -  INFO - c.M.t.S.TourService - Fetching all tours with details.
2025-10-23 00:09:07 -  INFO - c.M.t.C.JwtFilter - Processing request to URI: /customer/tours/25
2025-10-23 00:09:07 -  INFO - c.M.t.S.JwtService - Extracting username from token.
2025-10-23 00:09:07 -  INFO - c.M.t.S.JwtService - Extracting all claims from token.
2025-10-23 00:09:07 -  INFO - c.M.t.S.JwtService - Retrieving signing key.
2025-10-23 00:09:07 -  INFO - c.M.t.C.JwtFilter - User 'manishanichad2004@gmail.com' is not authenticated, proceeding with token validation.
2025-10-23 00:09:07 -  INFO - c.M.t.S.CustomUserDetailsService - User found with email: manishanichad2004@gmail.com, Role: ROLE_CUSTOMER
2025-10-23 00:09:07 -  INFO - c.M.t.C.UserPrincipal - UserPrincipal created for user with email: manishanichad2004@gmail.com
2025-10-23 00:09:07 -  INFO - c.M.t.S.JwtService - Validating token for user: manishanichad2004@gmail.com
2025-10-23 00:09:07 -  INFO - c.M.t.S.JwtService - Extracting username from token.
2025-10-23 00:09:07 -  INFO - c.M.t.S.JwtService - Extracting all claims from token.
2025-10-23 00:09:07 -  INFO - c.M.t.S.JwtService - Retrieving signing key.
2025-10-23 00:09:07 -  INFO - c.M.t.S.JwtService - Checking if token is expired.
2025-10-23 00:09:07 -  INFO - c.M.t.S.JwtService - Extracting expiration date from token.
2025-10-23 00:09:07 -  INFO - c.M.t.S.JwtService - Extracting all claims from token.
2025-10-23 00:09:07 -  INFO - c.M.t.S.JwtService - Retrieving signing key.
2025-10-23 00:09:07 -  INFO - c.M.t.S.JwtService - Token is valid for user: manishanichad2004@gmail.com
2025-10-23 00:09:07 -  INFO - c.M.t.C.UserPrincipal - Retrieving authorities for user: manishanichad2004@gmail.com
2025-10-23 00:09:07 -  INFO - c.M.t.C.UserPrincipal - Assigned authority: ROLE_CUSTOMER
2025-10-23 00:09:07 -  INFO - c.M.t.C.JwtFilter - User 'manishanichad2004@gmail.com' successfully authenticated.
2025-10-23 00:09:07 -  INFO - c.M.t.C.JwtFilter - Continuing filter chain for request to URI: /customer/tours/25
2025-10-23 00:09:07 -  INFO - c.M.t.S.TourService - Fetching tour with ID: 25
2025-10-23 00:09:07 -  INFO - c.M.t.C.JwtFilter - Processing request to URI: /customer/tours/25
2025-10-23 00:09:07 -  INFO - c.M.t.S.JwtService - Extracting username from token.
2025-10-23 00:09:07 -  INFO - c.M.t.S.JwtService - Extracting all claims from token.
2025-10-23 00:09:07 -  INFO - c.M.t.S.JwtService - Retrieving signing key.
2025-10-23 00:09:07 -  INFO - c.M.t.C.JwtFilter - User 'manishanichad2004@gmail.com' is not authenticated, proceeding with token validation.
2025-10-23 00:09:07 -  INFO - c.M.t.S.CustomUserDetailsService - User found with email: manishanichad2004@gmail.com, Role: ROLE_CUSTOMER
2025-10-23 00:09:07 -  INFO - c.M.t.C.UserPrincipal - UserPrincipal created for user with email: manishanichad2004@gmail.com
2025-10-23 00:09:07 -  INFO - c.M.t.S.JwtService - Validating token for user: manishanichad2004@gmail.com
2025-10-23 00:09:07 -  INFO - c.M.t.S.JwtService - Extracting username from token.
2025-10-23 00:09:07 -  INFO - c.M.t.S.JwtService - Extracting all claims from token.
2025-10-23 00:09:07 -  INFO - c.M.t.S.JwtService - Retrieving signing key.
2025-10-23 00:09:07 -  INFO - c.M.t.S.JwtService - Checking if token is expired.
2025-10-23 00:09:07 -  INFO - c.M.t.S.JwtService - Extracting expiration date from token.
2025-10-23 00:09:07 -  INFO - c.M.t.S.JwtService - Extracting all claims from token.
2025-10-23 00:09:07 -  INFO - c.M.t.S.JwtService - Retrieving signing key.
2025-10-23 00:09:07 -  INFO - c.M.t.S.JwtService - Token is valid for user: manishanichad2004@gmail.com
2025-10-23 00:09:07 -  INFO - c.M.t.C.UserPrincipal - Retrieving authorities for user: manishanichad2004@gmail.com
2025-10-23 00:09:07 -  INFO - c.M.t.C.UserPrincipal - Assigned authority: ROLE_CUSTOMER
2025-10-23 00:09:07 -  INFO - c.M.t.C.JwtFilter - User 'manishanichad2004@gmail.com' successfully authenticated.
2025-10-23 00:09:07 -  INFO - c.M.t.C.JwtFilter - Continuing filter chain for request to URI: /customer/tours/25
2025-10-23 00:09:07 -  INFO - c.M.t.S.TourService - Fetching tour with ID: 25
2025-10-23 00:09:14 -  INFO - c.M.t.C.JwtFilter - Processing request to URI: /customer/tours
2025-10-23 00:09:14 -  INFO - c.M.t.S.JwtService - Extracting username from token.
2025-10-23 00:09:14 -  INFO - c.M.t.S.JwtService - Extracting all claims from token.
2025-10-23 00:09:14 -  INFO - c.M.t.S.JwtService - Retrieving signing key.
2025-10-23 00:09:14 -  INFO - c.M.t.C.JwtFilter - User 'manishanichad2004@gmail.com' is not authenticated, proceeding with token validation.
2025-10-23 00:09:14 -  INFO - c.M.t.S.CustomUserDetailsService - User found with email: manishanichad2004@gmail.com, Role: ROLE_CUSTOMER
2025-10-23 00:09:14 -  INFO - c.M.t.C.UserPrincipal - UserPrincipal created for user with email: manishanichad2004@gmail.com
2025-10-23 00:09:14 -  INFO - c.M.t.S.JwtService - Validating token for user: manishanichad2004@gmail.com
2025-10-23 00:09:14 -  INFO - c.M.t.S.JwtService - Extracting username from token.
2025-10-23 00:09:14 -  INFO - c.M.t.S.JwtService - Extracting all claims from token.
2025-10-23 00:09:14 -  INFO - c.M.t.S.JwtService - Retrieving signing key.
2025-10-23 00:09:14 -  INFO - c.M.t.S.JwtService - Checking if token is expired.
2025-10-23 00:09:14 -  INFO - c.M.t.S.JwtService - Extracting expiration date from token.
2025-10-23 00:09:14 -  INFO - c.M.t.S.JwtService - Extracting all claims from token.
2025-10-23 00:09:14 -  INFO - c.M.t.S.JwtService - Retrieving signing key.
2025-10-23 00:09:14 -  INFO - c.M.t.S.JwtService - Token is valid for user: manishanichad2004@gmail.com
2025-10-23 00:09:14 -  INFO - c.M.t.C.UserPrincipal - Retrieving authorities for user: manishanichad2004@gmail.com
2025-10-23 00:09:14 -  INFO - c.M.t.C.UserPrincipal - Assigned authority: ROLE_CUSTOMER
2025-10-23 00:09:14 -  INFO - c.M.t.C.JwtFilter - User 'manishanichad2004@gmail.com' successfully authenticated.
2025-10-23 00:09:14 -  INFO - c.M.t.C.JwtFilter - Continuing filter chain for request to URI: /customer/tours
2025-10-23 00:09:14 -  INFO - c.M.t.S.TourService - Fetching all tours with details.
2025-10-23 00:09:14 -  INFO - c.M.t.C.JwtFilter - Processing request to URI: /customer/tours
2025-10-23 00:09:14 -  INFO - c.M.t.S.JwtService - Extracting username from token.
2025-10-23 00:09:14 -  INFO - c.M.t.S.JwtService - Extracting all claims from token.
2025-10-23 00:09:14 -  INFO - c.M.t.S.JwtService - Retrieving signing key.
2025-10-23 00:09:14 -  INFO - c.M.t.C.JwtFilter - User 'manishanichad2004@gmail.com' is not authenticated, proceeding with token validation.
2025-10-23 00:09:14 -  INFO - c.M.t.S.CustomUserDetailsService - User found with email: manishanichad2004@gmail.com, Role: ROLE_CUSTOMER
2025-10-23 00:09:14 -  INFO - c.M.t.C.UserPrincipal - UserPrincipal created for user with email: manishanichad2004@gmail.com
2025-10-23 00:09:14 -  INFO - c.M.t.S.JwtService - Validating token for user: manishanichad2004@gmail.com
2025-10-23 00:09:14 -  INFO - c.M.t.S.JwtService - Extracting username from token.
2025-10-23 00:09:14 -  INFO - c.M.t.S.JwtService - Extracting all claims from token.
2025-10-23 00:09:14 -  INFO - c.M.t.S.JwtService - Retrieving signing key.
2025-10-23 00:09:14 -  INFO - c.M.t.S.JwtService - Checking if token is expired.
2025-10-23 00:09:14 -  INFO - c.M.t.S.JwtService - Extracting expiration date from token.
2025-10-23 00:09:14 -  INFO - c.M.t.S.JwtService - Extracting all claims from token.
2025-10-23 00:09:14 -  INFO - c.M.t.S.JwtService - Retrieving signing key.
2025-10-23 00:09:14 -  INFO - c.M.t.S.JwtService - Token is valid for user: manishanichad2004@gmail.com
2025-10-23 00:09:14 -  INFO - c.M.t.C.UserPrincipal - Retrieving authorities for user: manishanichad2004@gmail.com
2025-10-23 00:09:14 -  INFO - c.M.t.C.UserPrincipal - Assigned authority: ROLE_CUSTOMER
2025-10-23 00:09:14 -  INFO - c.M.t.C.JwtFilter - User 'manishanichad2004@gmail.com' successfully authenticated.
2025-10-23 00:09:14 -  INFO - c.M.t.C.JwtFilter - Continuing filter chain for request to URI: /customer/tours
2025-10-23 00:09:14 -  INFO - c.M.t.S.TourService - Fetching all tours with details.
2025-10-23 00:09:41 -  INFO - c.M.t.C.JwtFilter - Processing request to URI: /customer/create-payment-intent/22
2025-10-23 00:09:41 -  INFO - c.M.t.S.JwtService - Extracting username from token.
2025-10-23 00:09:41 -  INFO - c.M.t.S.JwtService - Extracting all claims from token.
2025-10-23 00:09:41 -  INFO - c.M.t.S.JwtService - Retrieving signing key.
2025-10-23 00:09:41 -  INFO - c.M.t.C.JwtFilter - User 'manishanichad2004@gmail.com' is not authenticated, proceeding with token validation.
2025-10-23 00:09:41 -  INFO - c.M.t.S.CustomUserDetailsService - User found with email: manishanichad2004@gmail.com, Role: ROLE_CUSTOMER
2025-10-23 00:09:41 -  INFO - c.M.t.C.UserPrincipal - UserPrincipal created for user with email: manishanichad2004@gmail.com
2025-10-23 00:09:41 -  INFO - c.M.t.S.JwtService - Validating token for user: manishanichad2004@gmail.com
2025-10-23 00:09:41 -  INFO - c.M.t.S.JwtService - Extracting username from token.
2025-10-23 00:09:41 -  INFO - c.M.t.S.JwtService - Extracting all claims from token.
2025-10-23 00:09:41 -  INFO - c.M.t.S.JwtService - Retrieving signing key.
2025-10-23 00:09:41 -  INFO - c.M.t.S.JwtService - Checking if token is expired.
2025-10-23 00:09:41 -  INFO - c.M.t.S.JwtService - Extracting expiration date from token.
2025-10-23 00:09:41 -  INFO - c.M.t.S.JwtService - Extracting all claims from token.
2025-10-23 00:09:41 -  INFO - c.M.t.S.JwtService - Retrieving signing key.
2025-10-23 00:09:41 -  INFO - c.M.t.S.JwtService - Token is valid for user: manishanichad2004@gmail.com
2025-10-23 00:09:41 -  INFO - c.M.t.C.UserPrincipal - Retrieving authorities for user: manishanichad2004@gmail.com
2025-10-23 00:09:41 -  INFO - c.M.t.C.UserPrincipal - Assigned authority: ROLE_CUSTOMER
2025-10-23 00:09:41 -  INFO - c.M.t.C.JwtFilter - User 'manishanichad2004@gmail.com' successfully authenticated.
2025-10-23 00:09:41 -  INFO - c.M.t.C.JwtFilter - Continuing filter chain for request to URI: /customer/create-payment-intent/22
2025-10-23 00:09:41 -  INFO - c.M.t.S.BookingService - Creating booking for customer: Manisha Nichad, Tour ID: 22, Number of Tickets: 1
2025-10-23 00:34:59 -  INFO - c.M.t.C.JwtFilter - Processing request to URI: /customer/tours
2025-10-23 00:35:00 -  INFO - c.M.t.S.JwtService - Extracting username from token.
2025-10-23 00:35:00 -  INFO - c.M.t.S.JwtService - Extracting all claims from token.
2025-10-23 00:35:00 -  INFO - c.M.t.S.JwtService - Retrieving signing key.
2025-10-23 00:35:00 -  INFO - c.M.t.C.JwtFilter - User 'manishanichad2004@gmail.com' is not authenticated, proceeding with token validation.
2025-10-23 00:35:00 -  INFO - c.M.t.S.CustomUserDetailsService - User found with email: manishanichad2004@gmail.com, Role: ROLE_CUSTOMER
2025-10-23 00:35:00 -  INFO - c.M.t.C.UserPrincipal - UserPrincipal created for user with email: manishanichad2004@gmail.com
2025-10-23 00:35:00 -  INFO - c.M.t.S.JwtService - Validating token for user: manishanichad2004@gmail.com
2025-10-23 00:35:00 -  INFO - c.M.t.S.JwtService - Extracting username from token.
2025-10-23 00:35:00 -  INFO - c.M.t.S.JwtService - Extracting all claims from token.
2025-10-23 00:35:00 -  INFO - c.M.t.S.JwtService - Retrieving signing key.
2025-10-23 00:35:00 -  INFO - c.M.t.S.JwtService - Checking if token is expired.
2025-10-23 00:35:00 -  INFO - c.M.t.S.JwtService - Extracting expiration date from token.
2025-10-23 00:35:00 -  INFO - c.M.t.S.JwtService - Extracting all claims from token.
2025-10-23 00:35:00 -  INFO - c.M.t.S.JwtService - Retrieving signing key.
2025-10-23 00:35:00 -  INFO - c.M.t.S.JwtService - Token is valid for user: manishanichad2004@gmail.com
2025-10-23 00:35:00 -  INFO - c.M.t.C.UserPrincipal - Retrieving authorities for user: manishanichad2004@gmail.com
2025-10-23 00:35:00 -  INFO - c.M.t.C.UserPrincipal - Assigned authority: ROLE_CUSTOMER
2025-10-23 00:35:00 -  INFO - c.M.t.C.JwtFilter - User 'manishanichad2004@gmail.com' successfully authenticated.
2025-10-23 00:35:00 -  INFO - c.M.t.C.JwtFilter - Continuing filter chain for request to URI: /customer/tours
2025-10-23 00:35:00 -  INFO - c.M.t.S.TourService - Fetching all tours with details.
2025-10-23 00:35:01 -  INFO - c.M.t.C.JwtFilter - Processing request to URI: /customer/tours
2025-10-23 00:35:01 -  INFO - c.M.t.S.JwtService - Extracting username from token.
2025-10-23 00:35:01 -  INFO - c.M.t.S.JwtService - Extracting all claims from token.
2025-10-23 00:35:01 -  INFO - c.M.t.S.JwtService - Retrieving signing key.
2025-10-23 00:35:01 -  INFO - c.M.t.C.JwtFilter - User 'manishanichad2004@gmail.com' is not authenticated, proceeding with token validation.
2025-10-23 00:35:01 -  INFO - c.M.t.S.CustomUserDetailsService - User found with email: manishanichad2004@gmail.com, Role: ROLE_CUSTOMER
2025-10-23 00:35:01 -  INFO - c.M.t.C.UserPrincipal - UserPrincipal created for user with email: manishanichad2004@gmail.com
2025-10-23 00:35:01 -  INFO - c.M.t.S.JwtService - Validating token for user: manishanichad2004@gmail.com
2025-10-23 00:35:01 -  INFO - c.M.t.S.JwtService - Extracting username from token.
2025-10-23 00:35:01 -  INFO - c.M.t.S.JwtService - Extracting all claims from token.
2025-10-23 00:35:01 -  INFO - c.M.t.S.JwtService - Retrieving signing key.
2025-10-23 00:35:01 -  INFO - c.M.t.S.JwtService - Checking if token is expired.
2025-10-23 00:35:01 -  INFO - c.M.t.S.JwtService - Extracting expiration date from token.
2025-10-23 00:35:01 -  INFO - c.M.t.S.JwtService - Extracting all claims from token.
2025-10-23 00:35:01 -  INFO - c.M.t.S.JwtService - Retrieving signing key.
2025-10-23 00:35:01 -  INFO - c.M.t.S.JwtService - Token is valid for user: manishanichad2004@gmail.com
2025-10-23 00:35:01 -  INFO - c.M.t.C.UserPrincipal - Retrieving authorities for user: manishanichad2004@gmail.com
2025-10-23 00:35:01 -  INFO - c.M.t.C.UserPrincipal - Assigned authority: ROLE_CUSTOMER
2025-10-23 00:35:01 -  INFO - c.M.t.C.JwtFilter - User 'manishanichad2004@gmail.com' successfully authenticated.
2025-10-23 00:35:01 -  INFO - c.M.t.C.JwtFilter - Continuing filter chain for request to URI: /customer/tours
2025-10-23 00:35:01 -  INFO - c.M.t.S.TourService - Fetching all tours with details.
2025-10-23 00:35:27 -  INFO - c.M.t.C.JwtFilter - Processing request to URI: /customer/tours/22
2025-10-23 00:35:27 -  INFO - c.M.t.S.JwtService - Extracting username from token.
2025-10-23 00:35:27 -  INFO - c.M.t.S.JwtService - Extracting all claims from token.
2025-10-23 00:35:27 -  INFO - c.M.t.S.JwtService - Retrieving signing key.
2025-10-23 00:35:27 -  INFO - c.M.t.C.JwtFilter - User 'manishanichad2004@gmail.com' is not authenticated, proceeding with token validation.
2025-10-23 00:35:27 -  INFO - c.M.t.S.CustomUserDetailsService - User found with email: manishanichad2004@gmail.com, Role: ROLE_CUSTOMER
2025-10-23 00:35:27 -  INFO - c.M.t.C.UserPrincipal - UserPrincipal created for user with email: manishanichad2004@gmail.com
2025-10-23 00:35:27 -  INFO - c.M.t.S.JwtService - Validating token for user: manishanichad2004@gmail.com
2025-10-23 00:35:27 -  INFO - c.M.t.S.JwtService - Extracting username from token.
2025-10-23 00:35:27 -  INFO - c.M.t.S.JwtService - Extracting all claims from token.
2025-10-23 00:35:27 -  INFO - c.M.t.S.JwtService - Retrieving signing key.
2025-10-23 00:35:27 -  INFO - c.M.t.S.JwtService - Checking if token is expired.
2025-10-23 00:35:27 -  INFO - c.M.t.S.JwtService - Extracting expiration date from token.
2025-10-23 00:35:27 -  INFO - c.M.t.S.JwtService - Extracting all claims from token.
2025-10-23 00:35:27 -  INFO - c.M.t.S.JwtService - Retrieving signing key.
2025-10-23 00:35:27 -  INFO - c.M.t.S.JwtService - Token is valid for user: manishanichad2004@gmail.com
2025-10-23 00:35:27 -  INFO - c.M.t.C.UserPrincipal - Retrieving authorities for user: manishanichad2004@gmail.com
2025-10-23 00:35:27 -  INFO - c.M.t.C.UserPrincipal - Assigned authority: ROLE_CUSTOMER
2025-10-23 00:35:27 -  INFO - c.M.t.C.JwtFilter - User 'manishanichad2004@gmail.com' successfully authenticated.
2025-10-23 00:35:27 -  INFO - c.M.t.C.JwtFilter - Continuing filter chain for request to URI: /customer/tours/22
2025-10-23 00:35:27 -  INFO - c.M.t.S.TourService - Fetching tour with ID: 22
2025-10-23 00:35:27 -  INFO - c.M.t.C.JwtFilter - Processing request to URI: /customer/tours/22
2025-10-23 00:35:27 -  INFO - c.M.t.S.JwtService - Extracting username from token.
2025-10-23 00:35:27 -  INFO - c.M.t.S.JwtService - Extracting all claims from token.
2025-10-23 00:35:27 -  INFO - c.M.t.S.JwtService - Retrieving signing key.
2025-10-23 00:35:27 -  INFO - c.M.t.C.JwtFilter - User 'manishanichad2004@gmail.com' is not authenticated, proceeding with token validation.
2025-10-23 00:35:27 -  INFO - c.M.t.S.CustomUserDetailsService - User found with email: manishanichad2004@gmail.com, Role: ROLE_CUSTOMER
2025-10-23 00:35:27 -  INFO - c.M.t.C.UserPrincipal - UserPrincipal created for user with email: manishanichad2004@gmail.com
2025-10-23 00:35:27 -  INFO - c.M.t.S.JwtService - Validating token for user: manishanichad2004@gmail.com
2025-10-23 00:35:27 -  INFO - c.M.t.S.JwtService - Extracting username from token.
2025-10-23 00:35:27 -  INFO - c.M.t.S.JwtService - Extracting all claims from token.
2025-10-23 00:35:27 -  INFO - c.M.t.S.JwtService - Retrieving signing key.
2025-10-23 00:35:27 -  INFO - c.M.t.S.JwtService - Checking if token is expired.
2025-10-23 00:35:27 -  INFO - c.M.t.S.JwtService - Extracting expiration date from token.
2025-10-23 00:35:27 -  INFO - c.M.t.S.JwtService - Extracting all claims from token.
2025-10-23 00:35:27 -  INFO - c.M.t.S.JwtService - Retrieving signing key.
2025-10-23 00:35:27 -  INFO - c.M.t.S.JwtService - Token is valid for user: manishanichad2004@gmail.com
2025-10-23 00:35:27 -  INFO - c.M.t.C.UserPrincipal - Retrieving authorities for user: manishanichad2004@gmail.com
2025-10-23 00:35:27 -  INFO - c.M.t.C.UserPrincipal - Assigned authority: ROLE_CUSTOMER
2025-10-23 00:35:27 -  INFO - c.M.t.C.JwtFilter - User 'manishanichad2004@gmail.com' successfully authenticated.
2025-10-23 00:35:27 -  INFO - c.M.t.C.JwtFilter - Continuing filter chain for request to URI: /customer/tours/22
2025-10-23 00:35:27 -  INFO - c.M.t.S.TourService - Fetching tour with ID: 22
2025-10-23 00:35:48 -  INFO - c.M.t.C.JwtFilter - Processing request to URI: /customer/tours
2025-10-23 00:35:48 -  INFO - c.M.t.S.JwtService - Extracting username from token.
2025-10-23 00:35:48 -  INFO - c.M.t.S.JwtService - Extracting all claims from token.
2025-10-23 00:35:48 -  INFO - c.M.t.S.JwtService - Retrieving signing key.
2025-10-23 00:35:48 -  INFO - c.M.t.C.JwtFilter - User 'manishanichad2004@gmail.com' is not authenticated, proceeding with token validation.
2025-10-23 00:35:48 -  INFO - c.M.t.S.CustomUserDetailsService - User found with email: manishanichad2004@gmail.com, Role: ROLE_CUSTOMER
2025-10-23 00:35:48 -  INFO - c.M.t.C.UserPrincipal - UserPrincipal created for user with email: manishanichad2004@gmail.com
2025-10-23 00:35:48 -  INFO - c.M.t.S.JwtService - Validating token for user: manishanichad2004@gmail.com
2025-10-23 00:35:48 -  INFO - c.M.t.S.JwtService - Extracting username from token.
2025-10-23 00:35:48 -  INFO - c.M.t.S.JwtService - Extracting all claims from token.
2025-10-23 00:35:48 -  INFO - c.M.t.S.JwtService - Retrieving signing key.
2025-10-23 00:35:48 -  INFO - c.M.t.S.JwtService - Checking if token is expired.
2025-10-23 00:35:48 -  INFO - c.M.t.S.JwtService - Extracting expiration date from token.
2025-10-23 00:35:48 -  INFO - c.M.t.S.JwtService - Extracting all claims from token.
2025-10-23 00:35:48 -  INFO - c.M.t.S.JwtService - Retrieving signing key.
2025-10-23 00:35:48 -  INFO - c.M.t.S.JwtService - Token is valid for user: manishanichad2004@gmail.com
2025-10-23 00:35:48 -  INFO - c.M.t.C.UserPrincipal - Retrieving authorities for user: manishanichad2004@gmail.com
2025-10-23 00:35:48 -  INFO - c.M.t.C.UserPrincipal - Assigned authority: ROLE_CUSTOMER
2025-10-23 00:35:48 -  INFO - c.M.t.C.JwtFilter - User 'manishanichad2004@gmail.com' successfully authenticated.
2025-10-23 00:35:48 -  INFO - c.M.t.C.JwtFilter - Continuing filter chain for request to URI: /customer/tours
2025-10-23 00:35:48 -  INFO - c.M.t.S.TourService - Fetching all tours with details.
2025-10-23 00:35:48 -  INFO - c.M.t.C.JwtFilter - Processing request to URI: /customer/tours
2025-10-23 00:35:48 -  INFO - c.M.t.S.JwtService - Extracting username from token.
2025-10-23 00:35:48 -  INFO - c.M.t.S.JwtService - Extracting all claims from token.
2025-10-23 00:35:48 -  INFO - c.M.t.S.JwtService - Retrieving signing key.
2025-10-23 00:35:48 -  INFO - c.M.t.C.JwtFilter - User 'manishanichad2004@gmail.com' is not authenticated, proceeding with token validation.
2025-10-23 00:35:48 -  INFO - c.M.t.S.CustomUserDetailsService - User found with email: manishanichad2004@gmail.com, Role: ROLE_CUSTOMER
2025-10-23 00:35:48 -  INFO - c.M.t.C.UserPrincipal - UserPrincipal created for user with email: manishanichad2004@gmail.com
2025-10-23 00:35:48 -  INFO - c.M.t.S.JwtService - Validating token for user: manishanichad2004@gmail.com
2025-10-23 00:35:48 -  INFO - c.M.t.S.JwtService - Extracting username from token.
2025-10-23 00:35:48 -  INFO - c.M.t.S.JwtService - Extracting all claims from token.
2025-10-23 00:35:48 -  INFO - c.M.t.S.JwtService - Retrieving signing key.
2025-10-23 00:35:48 -  INFO - c.M.t.S.JwtService - Checking if token is expired.
2025-10-23 00:35:48 -  INFO - c.M.t.S.JwtService - Extracting expiration date from token.
2025-10-23 00:35:48 -  INFO - c.M.t.S.JwtService - Extracting all claims from token.
2025-10-23 00:35:48 -  INFO - c.M.t.S.JwtService - Retrieving signing key.
2025-10-23 00:35:48 -  INFO - c.M.t.S.JwtService - Token is valid for user: manishanichad2004@gmail.com
2025-10-23 00:35:48 -  INFO - c.M.t.C.UserPrincipal - Retrieving authorities for user: manishanichad2004@gmail.com
2025-10-23 00:35:48 -  INFO - c.M.t.C.UserPrincipal - Assigned authority: ROLE_CUSTOMER
2025-10-23 00:35:48 -  INFO - c.M.t.C.JwtFilter - User 'manishanichad2004@gmail.com' successfully authenticated.
2025-10-23 00:35:48 -  INFO - c.M.t.C.JwtFilter - Continuing filter chain for request to URI: /customer/tours
2025-10-23 00:35:48 -  INFO - c.M.t.S.TourService - Fetching all tours with details.
2025-10-23 00:37:07 -  INFO - c.M.t.C.JwtFilter - Processing request to URI: /customer/tours
2025-10-23 00:37:07 -  INFO - c.M.t.S.JwtService - Extracting username from token.
2025-10-23 00:37:07 -  INFO - c.M.t.S.JwtService - Extracting all claims from token.
2025-10-23 00:37:07 -  INFO - c.M.t.S.JwtService - Retrieving signing key.
2025-10-23 00:37:07 -  INFO - c.M.t.C.JwtFilter - User 'manishanichad2004@gmail.com' is not authenticated, proceeding with token validation.
2025-10-23 00:37:07 -  INFO - c.M.t.S.CustomUserDetailsService - User found with email: manishanichad2004@gmail.com, Role: ROLE_CUSTOMER
2025-10-23 00:37:07 -  INFO - c.M.t.C.UserPrincipal - UserPrincipal created for user with email: manishanichad2004@gmail.com
2025-10-23 00:37:07 -  INFO - c.M.t.S.JwtService - Validating token for user: manishanichad2004@gmail.com
2025-10-23 00:37:07 -  INFO - c.M.t.S.JwtService - Extracting username from token.
2025-10-23 00:37:07 -  INFO - c.M.t.S.JwtService - Extracting all claims from token.
2025-10-23 00:37:07 -  INFO - c.M.t.S.JwtService - Retrieving signing key.
2025-10-23 00:37:07 -  INFO - c.M.t.S.JwtService - Checking if token is expired.
2025-10-23 00:37:07 -  INFO - c.M.t.S.JwtService - Extracting expiration date from token.
2025-10-23 00:37:07 -  INFO - c.M.t.S.JwtService - Extracting all claims from token.
2025-10-23 00:37:07 -  INFO - c.M.t.S.JwtService - Retrieving signing key.
2025-10-23 00:37:07 -  INFO - c.M.t.S.JwtService - Token is valid for user: manishanichad2004@gmail.com
2025-10-23 00:37:07 -  INFO - c.M.t.C.UserPrincipal - Retrieving authorities for user: manishanichad2004@gmail.com
2025-10-23 00:37:07 -  INFO - c.M.t.C.UserPrincipal - Assigned authority: ROLE_CUSTOMER
2025-10-23 00:37:07 -  INFO - c.M.t.C.JwtFilter - User 'manishanichad2004@gmail.com' successfully authenticated.
2025-10-23 00:37:07 -  INFO - c.M.t.C.JwtFilter - Continuing filter chain for request to URI: /customer/tours
2025-10-23 00:37:07 -  INFO - c.M.t.S.TourService - Fetching all tours with details.
2025-10-23 00:37:07 -  INFO - c.M.t.C.JwtFilter - Processing request to URI: /customer/tours
2025-10-23 00:37:07 -  INFO - c.M.t.S.JwtService - Extracting username from token.
2025-10-23 00:37:07 -  INFO - c.M.t.S.JwtService - Extracting all claims from token.
2025-10-23 00:37:07 -  INFO - c.M.t.S.JwtService - Retrieving signing key.
2025-10-23 00:37:07 -  INFO - c.M.t.C.JwtFilter - User 'manishanichad2004@gmail.com' is not authenticated, proceeding with token validation.
2025-10-23 00:37:07 -  INFO - c.M.t.S.CustomUserDetailsService - User found with email: manishanichad2004@gmail.com, Role: ROLE_CUSTOMER
2025-10-23 00:37:07 -  INFO - c.M.t.C.UserPrincipal - UserPrincipal created for user with email: manishanichad2004@gmail.com
2025-10-23 00:37:07 -  INFO - c.M.t.S.JwtService - Validating token for user: manishanichad2004@gmail.com
2025-10-23 00:37:07 -  INFO - c.M.t.S.JwtService - Extracting username from token.
2025-10-23 00:37:07 -  INFO - c.M.t.S.JwtService - Extracting all claims from token.
2025-10-23 00:37:07 -  INFO - c.M.t.S.JwtService - Retrieving signing key.
2025-10-23 00:37:07 -  INFO - c.M.t.S.JwtService - Checking if token is expired.
2025-10-23 00:37:07 -  INFO - c.M.t.S.JwtService - Extracting expiration date from token.
2025-10-23 00:37:07 -  INFO - c.M.t.S.JwtService - Extracting all claims from token.
2025-10-23 00:37:07 -  INFO - c.M.t.S.JwtService - Retrieving signing key.
2025-10-23 00:37:07 -  INFO - c.M.t.S.JwtService - Token is valid for user: manishanichad2004@gmail.com
2025-10-23 00:37:07 -  INFO - c.M.t.C.UserPrincipal - Retrieving authorities for user: manishanichad2004@gmail.com
2025-10-23 00:37:07 -  INFO - c.M.t.C.UserPrincipal - Assigned authority: ROLE_CUSTOMER
2025-10-23 00:37:07 -  INFO - c.M.t.C.JwtFilter - User 'manishanichad2004@gmail.com' successfully authenticated.
2025-10-23 00:37:07 -  INFO - c.M.t.C.JwtFilter - Continuing filter chain for request to URI: /customer/tours
2025-10-23 00:37:07 -  INFO - c.M.t.S.TourService - Fetching all tours with details.
2025-10-23 00:37:13 -  INFO - c.M.t.C.JwtFilter - Processing request to URI: /customer/filterTours
2025-10-23 00:37:13 -  INFO - c.M.t.S.JwtService - Extracting username from token.
2025-10-23 00:37:13 -  INFO - c.M.t.S.JwtService - Extracting all claims from token.
2025-10-23 00:37:13 -  INFO - c.M.t.S.JwtService - Retrieving signing key.
2025-10-23 00:37:13 -  INFO - c.M.t.C.JwtFilter - User 'manishanichad2004@gmail.com' is not authenticated, proceeding with token validation.
2025-10-23 00:37:13 -  INFO - c.M.t.S.CustomUserDetailsService - User found with email: manishanichad2004@gmail.com, Role: ROLE_CUSTOMER
2025-10-23 00:37:13 -  INFO - c.M.t.C.UserPrincipal - UserPrincipal created for user with email: manishanichad2004@gmail.com
2025-10-23 00:37:13 -  INFO - c.M.t.S.JwtService - Validating token for user: manishanichad2004@gmail.com
2025-10-23 00:37:13 -  INFO - c.M.t.S.JwtService - Extracting username from token.
2025-10-23 00:37:13 -  INFO - c.M.t.S.JwtService - Extracting all claims from token.
2025-10-23 00:37:13 -  INFO - c.M.t.S.JwtService - Retrieving signing key.
2025-10-23 00:37:13 -  INFO - c.M.t.S.JwtService - Checking if token is expired.
2025-10-23 00:37:13 -  INFO - c.M.t.S.JwtService - Extracting expiration date from token.
2025-10-23 00:37:13 -  INFO - c.M.t.S.JwtService - Extracting all claims from token.
2025-10-23 00:37:13 -  INFO - c.M.t.S.JwtService - Retrieving signing key.
2025-10-23 00:37:13 -  INFO - c.M.t.S.JwtService - Token is valid for user: manishanichad2004@gmail.com
2025-10-23 00:37:13 -  INFO - c.M.t.C.UserPrincipal - Retrieving authorities for user: manishanichad2004@gmail.com
2025-10-23 00:37:13 -  INFO - c.M.t.C.UserPrincipal - Assigned authority: ROLE_CUSTOMER
2025-10-23 00:37:13 -  INFO - c.M.t.C.JwtFilter - User 'manishanichad2004@gmail.com' successfully authenticated.
2025-10-23 00:37:13 -  INFO - c.M.t.C.JwtFilter - Continuing filter chain for request to URI: /customer/filterTours
2025-10-23 00:37:13 -  INFO - c.M.t.S.BookingService - Filtering tours with criteria - Country: null, Lodging: null, Transport: null, Min Price: null, Max Price: null
2025-10-23 00:37:18 -  INFO - c.M.t.C.JwtFilter - Processing request to URI: /customer/filterTours
2025-10-23 00:37:18 -  INFO - c.M.t.S.JwtService - Extracting username from token.
2025-10-23 00:37:18 -  INFO - c.M.t.S.JwtService - Extracting all claims from token.
2025-10-23 00:37:18 -  INFO - c.M.t.S.JwtService - Retrieving signing key.
2025-10-23 00:37:18 -  INFO - c.M.t.C.JwtFilter - User 'manishanichad2004@gmail.com' is not authenticated, proceeding with token validation.
2025-10-23 00:37:18 -  INFO - c.M.t.S.CustomUserDetailsService - User found with email: manishanichad2004@gmail.com, Role: ROLE_CUSTOMER
2025-10-23 00:37:18 -  INFO - c.M.t.C.UserPrincipal - UserPrincipal created for user with email: manishanichad2004@gmail.com
2025-10-23 00:37:18 -  INFO - c.M.t.S.JwtService - Validating token for user: manishanichad2004@gmail.com
2025-10-23 00:37:18 -  INFO - c.M.t.S.JwtService - Extracting username from token.
2025-10-23 00:37:18 -  INFO - c.M.t.S.JwtService - Extracting all claims from token.
2025-10-23 00:37:18 -  INFO - c.M.t.S.JwtService - Retrieving signing key.
2025-10-23 00:37:18 -  INFO - c.M.t.S.JwtService - Checking if token is expired.
2025-10-23 00:37:18 -  INFO - c.M.t.S.JwtService - Extracting expiration date from token.
2025-10-23 00:37:18 -  INFO - c.M.t.S.JwtService - Extracting all claims from token.
2025-10-23 00:37:18 -  INFO - c.M.t.S.JwtService - Retrieving signing key.
2025-10-23 00:37:18 -  INFO - c.M.t.S.JwtService - Token is valid for user: manishanichad2004@gmail.com
2025-10-23 00:37:18 -  INFO - c.M.t.C.UserPrincipal - Retrieving authorities for user: manishanichad2004@gmail.com
2025-10-23 00:37:18 -  INFO - c.M.t.C.UserPrincipal - Assigned authority: ROLE_CUSTOMER
2025-10-23 00:37:18 -  INFO - c.M.t.C.JwtFilter - User 'manishanichad2004@gmail.com' successfully authenticated.
2025-10-23 00:37:18 -  INFO - c.M.t.C.JwtFilter - Continuing filter chain for request to URI: /customer/filterTours
2025-10-23 00:37:18 -  INFO - c.M.t.S.BookingService - Filtering tours with criteria - Country: null, Lodging: null, Transport: null, Min Price: null, Max Price: null
2025-10-23 00:37:48 -  INFO - o.s.b.w.e.t.GracefulShutdown - Commencing graceful shutdown. Waiting for active requests to complete
2025-10-23 00:37:48 -  INFO - o.s.b.w.e.t.GracefulShutdown - Graceful shutdown complete
2025-10-23 00:37:48 -  INFO - o.s.o.j.LocalContainerEntityManagerFactoryBean - Closing JPA EntityManagerFactory for persistence unit 'default'
2025-10-23 00:37:48 -  INFO - c.z.h.HikariDataSource - HikariPool-1 - Shutdown initiated...
2025-10-23 00:37:49 -  INFO - c.z.h.HikariDataSource - HikariPool-1 - Shutdown completed.
2025-10-23 12:43:24 -  INFO - c.M.t.ToursProjectApplication - Starting ToursProjectApplication using Java 21.0.8 with PID 50108 (C:\Users\manis\Downloads\toursProject\toursProject\target\classes started by manis in C:\Users\manis\Downloads\toursProject)
2025-10-23 12:43:24 -  INFO - c.M.t.ToursProjectApplication - The following 1 profile is active: "dev"
2025-10-23 12:43:26 -  INFO - o.s.d.r.c.RepositoryConfigurationDelegate - Bootstrapping Spring Data JPA repositories in DEFAULT mode.
2025-10-23 12:43:26 -  INFO - o.s.d.r.c.RepositoryConfigurationDelegate - Finished Spring Data repository scanning in 147 ms. Found 6 JPA repository interfaces.
2025-10-23 12:43:28 -  INFO - o.s.b.w.e.t.TomcatWebServer - Tomcat initialized with port 8080 (http)
2025-10-23 12:43:28 -  INFO - o.a.c.c.StandardService - Starting service [Tomcat]
2025-10-23 12:43:28 -  INFO - o.a.c.c.StandardEngine - Starting Servlet engine: [Apache Tomcat/10.1.44]
2025-10-23 12:43:28 -  INFO - o.a.c.c.C.[.[.[/] - Initializing Spring embedded WebApplicationContext
2025-10-23 12:43:28 -  INFO - o.s.b.w.s.c.ServletWebServerApplicationContext - Root WebApplicationContext: initialization completed in 3741 ms
2025-10-23 12:43:28 -  INFO - c.M.t.S.JwtService - Generating a new secret key.
2025-10-23 12:43:28 -  INFO - c.M.t.S.JwtService - Secret key generated successfully.
2025-10-23 12:43:28 -  INFO - c.z.h.HikariDataSource - HikariPool-1 - Starting...
2025-10-23 12:43:29 -  INFO - c.z.h.p.HikariPool - HikariPool-1 - Added connection org.postgresql.jdbc.PgConnection@34edd065
2025-10-23 12:43:29 -  INFO - c.z.h.HikariDataSource - HikariPool-1 - Start completed.
2025-10-23 12:43:29 -  INFO - o.h.j.i.u.LogHelper - HHH000204: Processing PersistenceUnitInfo [name: default]
2025-10-23 12:43:29 -  INFO - o.h.Version - HHH000412: Hibernate ORM core version 6.6.26.Final
2025-10-23 12:43:29 -  INFO - o.h.c.i.RegionFactoryInitiator - HHH000026: Second-level cache disabled
2025-10-23 12:43:30 -  INFO - o.s.o.j.p.SpringPersistenceUnitInfo - No LoadTimeWeaver setup: ignoring JPA class transformer
2025-10-23 12:43:30 -  WARN - o.h.o.deprecation - HHH90000025: PostgreSQLDialect does not need to be specified explicitly using 'hibernate.dialect' (remove the property setting and it will be selected by default)
2025-10-23 12:43:30 -  INFO - o.h.o.c.pooling - HHH10001005: Database info:
	Database JDBC URL [Connecting through datasource 'HikariDataSource (HikariPool-1)']
	Database driver: undefined/unknown
	Database version: 17.5
	Autocommit mode: undefined/unknown
	Isolation level: undefined/unknown
	Minimum pool size: undefined/unknown
	Maximum pool size: undefined/unknown
2025-10-23 12:43:32 -  INFO - o.h.e.t.j.p.i.JtaPlatformInitiator - HHH000489: No JTA platform available (set 'hibernate.transaction.jta.platform' to enable JTA platform integration)
2025-10-23 12:43:33 -  INFO - o.s.o.j.LocalContainerEntityManagerFactoryBean - Initialized JPA EntityManagerFactory for persistence unit 'default'
2025-10-23 12:43:34 -  INFO - o.s.d.j.r.q.QueryEnhancerFactory - Hibernate is in classpath; If applicable, HQL parser will be used.
2025-10-23 12:43:35 -  INFO - c.M.t.C.SecurityConfig - Configuring BCryptPasswordEncoder bean.
2025-10-23 12:43:35 -  INFO - o.s.b.f.a.AutowiredAnnotationBeanPostProcessor - Autowired annotation should only be used on methods with parameters: public void com.MN.toursProject.Controller.BookingController.init()
2025-10-23 12:43:36 -  INFO - c.M.t.S.CloudinaryImageService - Cloudinary initialized with provided credentials.
2025-10-23 12:43:36 -  INFO - c.M.t.C.SecurityConfig - Configuring AuthenticationManager bean.
2025-10-23 12:43:36 -  INFO - c.M.t.C.SecurityConfig - Configuring DaoAuthenticationProvider bean.
2025-10-23 12:43:36 -  INFO - c.M.t.C.SecurityConfig - Configuring CustomUserDetailsService bean.
2025-10-23 12:43:36 -  INFO - o.s.s.c.a.a.c.InitializeAuthenticationProviderBeanManagerConfigurer$InitializeAuthenticationProviderManagerConfigurer - Global AuthenticationManager configured with AuthenticationProvider bean with name authenticationProvider
2025-10-23 12:43:36 -  WARN - o.s.s.c.a.a.c.InitializeUserDetailsBeanManagerConfigurer$InitializeUserDetailsManagerConfigurer - Global AuthenticationManager configured with an AuthenticationProvider bean. UserDetailsService beans will not be used by Spring Security for automatically configuring username/password login. Consider removing the AuthenticationProvider bean. Alternatively, consider using the UserDetailsService in a manually instantiated DaoAuthenticationProvider. If the current configuration is intentional, to turn off this warning, increase the logging level of 'org.springframework.security.config.annotation.authentication.configuration.InitializeUserDetailsBeanManagerConfigurer' to ERROR
2025-10-23 12:43:37 -  WARN - o.s.b.a.o.j.JpaBaseConfiguration$JpaWebConfiguration - spring.jpa.open-in-view is enabled by default. Therefore, database queries may be performed during view rendering. Explicitly configure spring.jpa.open-in-view to disable this warning
2025-10-23 12:43:37 -  INFO - c.M.t.C.SecurityConfig - Configuring HTTP Security filters.
2025-10-23 12:43:37 -  INFO - c.M.t.C.SecurityConfig - Configuring CORS with allowed origins and methods.
2025-10-23 12:43:37 -  INFO - c.M.t.C.SecurityConfig - Configuring CORS Configuration.
2025-10-23 12:43:37 -  INFO - c.M.t.C.SecurityConfig - CORS Configuration successfully set.
2025-10-23 12:43:40 -  INFO - o.s.b.w.e.t.TomcatWebServer - Tomcat started on port 8080 (http) with context path '/'
2025-10-23 12:43:40 -  INFO - c.M.t.ToursProjectApplication - Started ToursProjectApplication in 16.558 seconds (process running for 17.604)
2025-10-23 12:43:43 -  INFO - o.a.c.c.C.[.[.[/] - Initializing Spring DispatcherServlet 'dispatcherServlet'
2025-10-23 12:43:43 -  INFO - o.s.w.s.DispatcherServlet - Initializing Servlet 'dispatcherServlet'
2025-10-23 12:43:43 -  INFO - o.s.w.s.DispatcherServlet - Completed initialization in 3 ms
2025-10-23 12:43:43 -  INFO - c.M.t.C.JwtFilter - Processing request to URI: /customer/tours
2025-10-23 12:43:43 -  INFO - c.M.t.S.JwtService - Extracting username from token.
2025-10-23 12:43:43 -  INFO - c.M.t.S.JwtService - Extracting all claims from token.
2025-10-23 12:43:44 -  INFO - c.M.t.S.JwtService - Retrieving signing key.
2025-10-23 12:43:44 - ERROR - c.M.t.C.JwtFilter - Error while extracting username from token: JWT signature does not match locally computed signature. JWT validity cannot be asserted and should not be trusted.
2025-10-23 12:43:44 -  INFO - c.M.t.C.JwtFilter - Continuing filter chain for request to URI: /customer/tours
2025-10-23 12:43:44 -  INFO - c.M.t.C.JwtFilter - Processing request to URI: /customer/tours
2025-10-23 12:43:44 -  INFO - c.M.t.S.JwtService - Extracting username from token.
2025-10-23 12:43:44 -  INFO - c.M.t.S.JwtService - Extracting all claims from token.
2025-10-23 12:43:44 -  INFO - c.M.t.S.JwtService - Retrieving signing key.
2025-10-23 12:43:44 - ERROR - c.M.t.C.JwtFilter - Error while extracting username from token: JWT signature does not match locally computed signature. JWT validity cannot be asserted and should not be trusted.
2025-10-23 12:43:44 -  INFO - c.M.t.C.JwtFilter - Continuing filter chain for request to URI: /customer/tours
2025-10-23 12:43:47 -  INFO - c.M.t.C.JwtFilter - Processing request to URI: /customer/tours
2025-10-23 12:43:47 -  INFO - c.M.t.S.JwtService - Extracting username from token.
2025-10-23 12:43:47 -  INFO - c.M.t.S.JwtService - Extracting all claims from token.
2025-10-23 12:43:47 -  INFO - c.M.t.S.JwtService - Retrieving signing key.
2025-10-23 12:43:47 - ERROR - c.M.t.C.JwtFilter - Error while extracting username from token: JWT signature does not match locally computed signature. JWT validity cannot be asserted and should not be trusted.
2025-10-23 12:43:47 -  INFO - c.M.t.C.JwtFilter - Continuing filter chain for request to URI: /customer/tours
2025-10-23 12:43:47 -  INFO - c.M.t.C.JwtFilter - Processing request to URI: /customer/tours
2025-10-23 12:43:47 -  INFO - c.M.t.S.JwtService - Extracting username from token.
2025-10-23 12:43:47 -  INFO - c.M.t.S.JwtService - Extracting all claims from token.
2025-10-23 12:43:47 -  INFO - c.M.t.S.JwtService - Retrieving signing key.
2025-10-23 12:43:47 - ERROR - c.M.t.C.JwtFilter - Error while extracting username from token: JWT signature does not match locally computed signature. JWT validity cannot be asserted and should not be trusted.
2025-10-23 12:43:47 -  INFO - c.M.t.C.JwtFilter - Continuing filter chain for request to URI: /customer/tours
2025-10-23 12:43:49 -  INFO - c.M.t.C.JwtFilter - Processing request to URI: /customer/tours
2025-10-23 12:43:49 -  INFO - c.M.t.S.JwtService - Extracting username from token.
2025-10-23 12:43:49 -  INFO - c.M.t.S.JwtService - Extracting all claims from token.
2025-10-23 12:43:49 -  INFO - c.M.t.S.JwtService - Retrieving signing key.
2025-10-23 12:43:49 - ERROR - c.M.t.C.JwtFilter - Error while extracting username from token: JWT signature does not match locally computed signature. JWT validity cannot be asserted and should not be trusted.
2025-10-23 12:43:49 -  INFO - c.M.t.C.JwtFilter - Continuing filter chain for request to URI: /customer/tours
2025-10-23 12:43:49 -  INFO - c.M.t.C.JwtFilter - Processing request to URI: /customer/tours
2025-10-23 12:43:49 -  INFO - c.M.t.S.JwtService - Extracting username from token.
2025-10-23 12:43:49 -  INFO - c.M.t.S.JwtService - Extracting all claims from token.
2025-10-23 12:43:49 -  INFO - c.M.t.S.JwtService - Retrieving signing key.
2025-10-23 12:43:49 - ERROR - c.M.t.C.JwtFilter - Error while extracting username from token: JWT signature does not match locally computed signature. JWT validity cannot be asserted and should not be trusted.
2025-10-23 12:43:49 -  INFO - c.M.t.C.JwtFilter - Continuing filter chain for request to URI: /customer/tours
2025-10-23 12:43:51 -  INFO - c.M.t.C.JwtFilter - Processing request to URI: /customer/tours
2025-10-23 12:43:51 -  INFO - c.M.t.S.JwtService - Extracting username from token.
2025-10-23 12:43:51 -  INFO - c.M.t.S.JwtService - Extracting all claims from token.
2025-10-23 12:43:51 -  INFO - c.M.t.S.JwtService - Retrieving signing key.
2025-10-23 12:43:51 - ERROR - c.M.t.C.JwtFilter - Error while extracting username from token: JWT signature does not match locally computed signature. JWT validity cannot be asserted and should not be trusted.
2025-10-23 12:43:51 -  INFO - c.M.t.C.JwtFilter - Continuing filter chain for request to URI: /customer/tours
2025-10-23 12:43:51 -  INFO - c.M.t.C.JwtFilter - Processing request to URI: /customer/tours
2025-10-23 12:43:51 -  INFO - c.M.t.S.JwtService - Extracting username from token.
2025-10-23 12:43:51 -  INFO - c.M.t.S.JwtService - Extracting all claims from token.
2025-10-23 12:43:51 -  INFO - c.M.t.S.JwtService - Retrieving signing key.
2025-10-23 12:43:51 - ERROR - c.M.t.C.JwtFilter - Error while extracting username from token: JWT signature does not match locally computed signature. JWT validity cannot be asserted and should not be trusted.
2025-10-23 12:43:51 -  INFO - c.M.t.C.JwtFilter - Continuing filter chain for request to URI: /customer/tours
2025-10-23 12:43:52 -  INFO - c.M.t.C.JwtFilter - Processing request to URI: /customer/tours
2025-10-23 12:43:52 -  INFO - c.M.t.S.JwtService - Extracting username from token.
2025-10-23 12:43:52 -  INFO - c.M.t.S.JwtService - Extracting all claims from token.
2025-10-23 12:43:52 -  INFO - c.M.t.S.JwtService - Retrieving signing key.
2025-10-23 12:43:52 - ERROR - c.M.t.C.JwtFilter - Error while extracting username from token: JWT signature does not match locally computed signature. JWT validity cannot be asserted and should not be trusted.
2025-10-23 12:43:52 -  INFO - c.M.t.C.JwtFilter - Continuing filter chain for request to URI: /customer/tours
2025-10-23 12:43:52 -  INFO - c.M.t.C.JwtFilter - Processing request to URI: /customer/tours
2025-10-23 12:43:52 -  INFO - c.M.t.S.JwtService - Extracting username from token.
2025-10-23 12:43:52 -  INFO - c.M.t.S.JwtService - Extracting all claims from token.
2025-10-23 12:43:52 -  INFO - c.M.t.S.JwtService - Retrieving signing key.
2025-10-23 12:43:52 - ERROR - c.M.t.C.JwtFilter - Error while extracting username from token: JWT signature does not match locally computed signature. JWT validity cannot be asserted and should not be trusted.
2025-10-23 12:43:52 -  INFO - c.M.t.C.JwtFilter - Continuing filter chain for request to URI: /customer/tours
2025-10-23 12:44:25 -  INFO - o.s.b.w.e.t.GracefulShutdown - Commencing graceful shutdown. Waiting for active requests to complete
2025-10-23 12:44:25 -  INFO - o.s.b.w.e.t.GracefulShutdown - Graceful shutdown complete
2025-10-23 12:44:25 -  INFO - o.s.o.j.LocalContainerEntityManagerFactoryBean - Closing JPA EntityManagerFactory for persistence unit 'default'
2025-10-23 12:44:25 -  INFO - c.z.h.HikariDataSource - HikariPool-1 - Shutdown initiated...
2025-10-23 12:44:25 -  INFO - c.z.h.HikariDataSource - HikariPool-1 - Shutdown completed.
2025-10-23 12:46:53 -  INFO - c.M.t.ToursProjectApplication - Starting ToursProjectApplication using Java 21.0.8 with PID 35372 (C:\Users\manis\Downloads\toursProject\toursProject\target\classes started by manis in C:\Users\manis\Downloads\toursProject)
2025-10-23 12:46:53 -  INFO - c.M.t.ToursProjectApplication - The following 1 profile is active: "dev"
2025-10-23 12:46:55 -  INFO - o.s.d.r.c.RepositoryConfigurationDelegate - Bootstrapping Spring Data JPA repositories in DEFAULT mode.
2025-10-23 12:46:56 -  INFO - o.s.d.r.c.RepositoryConfigurationDelegate - Finished Spring Data repository scanning in 127 ms. Found 6 JPA repository interfaces.
2025-10-23 12:46:57 -  INFO - o.s.b.w.e.t.TomcatWebServer - Tomcat initialized with port 8080 (http)
2025-10-23 12:46:57 -  INFO - o.a.c.c.StandardService - Starting service [Tomcat]
2025-10-23 12:46:57 -  INFO - o.a.c.c.StandardEngine - Starting Servlet engine: [Apache Tomcat/10.1.44]
2025-10-23 12:46:57 -  INFO - o.a.c.c.C.[.[.[/] - Initializing Spring embedded WebApplicationContext
2025-10-23 12:46:57 -  INFO - o.s.b.w.s.c.ServletWebServerApplicationContext - Root WebApplicationContext: initialization completed in 3949 ms
2025-10-23 12:46:57 -  INFO - c.M.t.S.JwtService - Generating a new secret key.
2025-10-23 12:46:57 -  INFO - c.M.t.S.JwtService - Secret key generated successfully.
2025-10-23 12:46:58 -  INFO - c.z.h.HikariDataSource - HikariPool-1 - Starting...
2025-10-23 12:46:58 -  INFO - c.z.h.p.HikariPool - HikariPool-1 - Added connection org.postgresql.jdbc.PgConnection@511da44f
2025-10-23 12:46:58 -  INFO - c.z.h.HikariDataSource - HikariPool-1 - Start completed.
2025-10-23 12:46:58 -  INFO - o.h.j.i.u.LogHelper - HHH000204: Processing PersistenceUnitInfo [name: default]
2025-10-23 12:46:59 -  INFO - o.h.Version - HHH000412: Hibernate ORM core version 6.6.26.Final
2025-10-23 12:46:59 -  INFO - o.h.c.i.RegionFactoryInitiator - HHH000026: Second-level cache disabled
2025-10-23 12:47:00 -  INFO - o.s.o.j.p.SpringPersistenceUnitInfo - No LoadTimeWeaver setup: ignoring JPA class transformer
2025-10-23 12:47:00 -  WARN - o.h.o.deprecation - HHH90000025: PostgreSQLDialect does not need to be specified explicitly using 'hibernate.dialect' (remove the property setting and it will be selected by default)
2025-10-23 12:47:00 -  INFO - o.h.o.c.pooling - HHH10001005: Database info:
	Database JDBC URL [Connecting through datasource 'HikariDataSource (HikariPool-1)']
	Database driver: undefined/unknown
	Database version: 17.5
	Autocommit mode: undefined/unknown
	Isolation level: undefined/unknown
	Minimum pool size: undefined/unknown
	Maximum pool size: undefined/unknown
2025-10-23 12:47:03 -  INFO - o.h.e.t.j.p.i.JtaPlatformInitiator - HHH000489: No JTA platform available (set 'hibernate.transaction.jta.platform' to enable JTA platform integration)
2025-10-23 12:47:03 -  INFO - o.s.o.j.LocalContainerEntityManagerFactoryBean - Initialized JPA EntityManagerFactory for persistence unit 'default'
2025-10-23 12:47:04 -  INFO - o.s.d.j.r.q.QueryEnhancerFactory - Hibernate is in classpath; If applicable, HQL parser will be used.
2025-10-23 12:47:05 -  INFO - c.M.t.C.SecurityConfig - Configuring BCryptPasswordEncoder bean.
2025-10-23 12:47:05 -  INFO - o.s.b.f.a.AutowiredAnnotationBeanPostProcessor - Autowired annotation should only be used on methods with parameters: public void com.MN.toursProject.Controller.BookingController.init()
2025-10-23 12:47:06 -  INFO - c.M.t.S.CloudinaryImageService - Cloudinary initialized with provided credentials.
2025-10-23 12:47:06 -  INFO - c.M.t.C.SecurityConfig - Configuring AuthenticationManager bean.
2025-10-23 12:47:06 -  INFO - c.M.t.C.SecurityConfig - Configuring DaoAuthenticationProvider bean.
2025-10-23 12:47:06 -  INFO - c.M.t.C.SecurityConfig - Configuring CustomUserDetailsService bean.
2025-10-23 12:47:06 -  INFO - o.s.s.c.a.a.c.InitializeAuthenticationProviderBeanManagerConfigurer$InitializeAuthenticationProviderManagerConfigurer - Global AuthenticationManager configured with AuthenticationProvider bean with name authenticationProvider
2025-10-23 12:47:06 -  WARN - o.s.s.c.a.a.c.InitializeUserDetailsBeanManagerConfigurer$InitializeUserDetailsManagerConfigurer - Global AuthenticationManager configured with an AuthenticationProvider bean. UserDetailsService beans will not be used by Spring Security for automatically configuring username/password login. Consider removing the AuthenticationProvider bean. Alternatively, consider using the UserDetailsService in a manually instantiated DaoAuthenticationProvider. If the current configuration is intentional, to turn off this warning, increase the logging level of 'org.springframework.security.config.annotation.authentication.configuration.InitializeUserDetailsBeanManagerConfigurer' to ERROR
2025-10-23 12:47:06 -  WARN - o.s.b.a.o.j.JpaBaseConfiguration$JpaWebConfiguration - spring.jpa.open-in-view is enabled by default. Therefore, database queries may be performed during view rendering. Explicitly configure spring.jpa.open-in-view to disable this warning
2025-10-23 12:47:07 -  INFO - c.M.t.C.SecurityConfig - Configuring HTTP Security filters.
2025-10-23 12:47:07 -  INFO - c.M.t.C.SecurityConfig - Configuring CORS with allowed origins and methods.
2025-10-23 12:47:07 -  INFO - c.M.t.C.SecurityConfig - Configuring CORS Configuration.
2025-10-23 12:47:07 -  INFO - c.M.t.C.SecurityConfig - CORS Configuration successfully set.
2025-10-23 12:47:08 -  INFO - o.s.b.w.e.t.TomcatWebServer - Tomcat started on port 8080 (http) with context path '/'
2025-10-23 12:47:08 -  INFO - c.M.t.ToursProjectApplication - Started ToursProjectApplication in 16.348 seconds (process running for 17.551)
2025-10-23 12:47:29 -  INFO - o.a.c.c.C.[.[.[/] - Initializing Spring DispatcherServlet 'dispatcherServlet'
2025-10-23 12:47:29 -  INFO - o.s.w.s.DispatcherServlet - Initializing Servlet 'dispatcherServlet'
2025-10-23 12:47:29 -  INFO - o.s.w.s.DispatcherServlet - Completed initialization in 3 ms
2025-10-23 12:47:56 -  INFO - c.M.t.S.JwtService - Generating token for username: manishanichad2004@gmail.com
2025-10-23 12:47:56 -  INFO - c.M.t.S.JwtService - Role for user manishanichad2004@gmail.com: ROLE_CUSTOMER
2025-10-23 12:47:56 -  INFO - c.M.t.S.JwtService - Retrieving signing key.
2025-10-23 12:47:56 -  INFO - c.M.t.S.JwtService - Token generated successfully for username: manishanichad2004@gmail.com
2025-10-23 12:47:56 -  INFO - c.M.t.C.OAuth2LoginSuccessHandler - JWT token generated for user: manishanichad2004@gmail.com
2025-10-23 12:47:56 -  INFO - c.M.t.C.OAuth2LoginSuccessHandler - Redirecting user to: http://localhost:5173/authSuccess?token=eyJhbGciOiJIUzI1NiJ9.eyJyb2xlIjoiUk9MRV9DVVNUT01FUiIsInN1YiI6Im1hbmlzaGFuaWNoYWQyMDA0QGdtYWlsLmNvbSIsImlhdCI6MTc2MTIwMzg3NiwiZXhwIjoxNzYxMjkwMjc2fQ.kcfkDG_sjHvpQ4sG9ZIfq34F6e_e4gF15qdCkK68WoU
2025-10-23 12:47:57 -  INFO - c.M.t.C.JwtFilter - Processing request to URI: /customer/tours
2025-10-23 12:47:57 -  INFO - c.M.t.S.JwtService - Extracting username from token.
2025-10-23 12:47:57 -  INFO - c.M.t.S.JwtService - Extracting all claims from token.
2025-10-23 12:47:57 -  INFO - c.M.t.S.JwtService - Retrieving signing key.
2025-10-23 12:47:57 -  INFO - c.M.t.C.JwtFilter - User 'manishanichad2004@gmail.com' is not authenticated, proceeding with token validation.
2025-10-23 12:47:57 -  INFO - c.M.t.S.CustomUserDetailsService - User found with email: manishanichad2004@gmail.com, Role: ROLE_CUSTOMER
2025-10-23 12:47:57 -  INFO - c.M.t.C.UserPrincipal - UserPrincipal created for user with email: manishanichad2004@gmail.com
2025-10-23 12:47:57 -  INFO - c.M.t.S.JwtService - Validating token for user: manishanichad2004@gmail.com
2025-10-23 12:47:57 -  INFO - c.M.t.S.JwtService - Extracting username from token.
2025-10-23 12:47:57 -  INFO - c.M.t.S.JwtService - Extracting all claims from token.
2025-10-23 12:47:57 -  INFO - c.M.t.S.JwtService - Retrieving signing key.
2025-10-23 12:47:57 -  INFO - c.M.t.S.JwtService - Checking if token is expired.
2025-10-23 12:47:57 -  INFO - c.M.t.S.JwtService - Extracting expiration date from token.
2025-10-23 12:47:57 -  INFO - c.M.t.S.JwtService - Extracting all claims from token.
2025-10-23 12:47:57 -  INFO - c.M.t.S.JwtService - Retrieving signing key.
2025-10-23 12:47:57 -  INFO - c.M.t.S.JwtService - Token is valid for user: manishanichad2004@gmail.com
2025-10-23 12:47:57 -  INFO - c.M.t.C.UserPrincipal - Retrieving authorities for user: manishanichad2004@gmail.com
2025-10-23 12:47:57 -  INFO - c.M.t.C.UserPrincipal - Assigned authority: ROLE_CUSTOMER
2025-10-23 12:47:57 -  INFO - c.M.t.C.JwtFilter - User 'manishanichad2004@gmail.com' successfully authenticated.
2025-10-23 12:47:57 -  INFO - c.M.t.C.JwtFilter - Continuing filter chain for request to URI: /customer/tours
2025-10-23 12:47:57 -  INFO - c.M.t.S.TourService - Fetching all tours with details.
2025-10-23 12:47:57 -  INFO - c.M.t.C.JwtFilter - Processing request to URI: /customer/tours
2025-10-23 12:47:57 -  INFO - c.M.t.S.JwtService - Extracting username from token.
2025-10-23 12:47:57 -  INFO - c.M.t.S.JwtService - Extracting all claims from token.
2025-10-23 12:47:57 -  INFO - c.M.t.S.JwtService - Retrieving signing key.
2025-10-23 12:47:57 -  INFO - c.M.t.C.JwtFilter - User 'manishanichad2004@gmail.com' is not authenticated, proceeding with token validation.
2025-10-23 12:47:57 -  INFO - c.M.t.S.CustomUserDetailsService - User found with email: manishanichad2004@gmail.com, Role: ROLE_CUSTOMER
2025-10-23 12:47:57 -  INFO - c.M.t.C.UserPrincipal - UserPrincipal created for user with email: manishanichad2004@gmail.com
2025-10-23 12:47:57 -  INFO - c.M.t.S.JwtService - Validating token for user: manishanichad2004@gmail.com
2025-10-23 12:47:57 -  INFO - c.M.t.S.JwtService - Extracting username from token.
2025-10-23 12:47:57 -  INFO - c.M.t.S.JwtService - Extracting all claims from token.
2025-10-23 12:47:57 -  INFO - c.M.t.S.JwtService - Retrieving signing key.
2025-10-23 12:47:57 -  INFO - c.M.t.S.JwtService - Checking if token is expired.
2025-10-23 12:47:57 -  INFO - c.M.t.S.JwtService - Extracting expiration date from token.
2025-10-23 12:47:57 -  INFO - c.M.t.S.JwtService - Extracting all claims from token.
2025-10-23 12:47:57 -  INFO - c.M.t.S.JwtService - Retrieving signing key.
2025-10-23 12:47:57 -  INFO - c.M.t.S.JwtService - Token is valid for user: manishanichad2004@gmail.com
2025-10-23 12:47:57 -  INFO - c.M.t.C.UserPrincipal - Retrieving authorities for user: manishanichad2004@gmail.com
2025-10-23 12:47:57 -  INFO - c.M.t.C.UserPrincipal - Assigned authority: ROLE_CUSTOMER
2025-10-23 12:47:57 -  INFO - c.M.t.C.JwtFilter - User 'manishanichad2004@gmail.com' successfully authenticated.
2025-10-23 12:47:57 -  INFO - c.M.t.C.JwtFilter - Continuing filter chain for request to URI: /customer/tours
2025-10-23 12:47:57 -  INFO - c.M.t.S.TourService - Fetching all tours with details.
2025-10-23 12:48:46 -  INFO - c.M.t.C.JwtFilter - Processing request to URI: /customer/create-payment-intent/22
2025-10-23 12:48:46 -  INFO - c.M.t.S.JwtService - Extracting username from token.
2025-10-23 12:48:46 -  INFO - c.M.t.S.JwtService - Extracting all claims from token.
2025-10-23 12:48:46 -  INFO - c.M.t.S.JwtService - Retrieving signing key.
2025-10-23 12:48:46 -  INFO - c.M.t.C.JwtFilter - User 'manishanichad2004@gmail.com' is not authenticated, proceeding with token validation.
2025-10-23 12:48:46 -  INFO - c.M.t.S.CustomUserDetailsService - User found with email: manishanichad2004@gmail.com, Role: ROLE_CUSTOMER
2025-10-23 12:48:46 -  INFO - c.M.t.C.UserPrincipal - UserPrincipal created for user with email: manishanichad2004@gmail.com
2025-10-23 12:48:46 -  INFO - c.M.t.S.JwtService - Validating token for user: manishanichad2004@gmail.com
2025-10-23 12:48:46 -  INFO - c.M.t.S.JwtService - Extracting username from token.
2025-10-23 12:48:46 -  INFO - c.M.t.S.JwtService - Extracting all claims from token.
2025-10-23 12:48:46 -  INFO - c.M.t.S.JwtService - Retrieving signing key.
2025-10-23 12:48:46 -  INFO - c.M.t.S.JwtService - Checking if token is expired.
2025-10-23 12:48:46 -  INFO - c.M.t.S.JwtService - Extracting expiration date from token.
2025-10-23 12:48:46 -  INFO - c.M.t.S.JwtService - Extracting all claims from token.
2025-10-23 12:48:46 -  INFO - c.M.t.S.JwtService - Retrieving signing key.
2025-10-23 12:48:46 -  INFO - c.M.t.S.JwtService - Token is valid for user: manishanichad2004@gmail.com
2025-10-23 12:48:46 -  INFO - c.M.t.C.UserPrincipal - Retrieving authorities for user: manishanichad2004@gmail.com
2025-10-23 12:48:46 -  INFO - c.M.t.C.UserPrincipal - Assigned authority: ROLE_CUSTOMER
2025-10-23 12:48:46 -  INFO - c.M.t.C.JwtFilter - User 'manishanichad2004@gmail.com' successfully authenticated.
2025-10-23 12:48:46 -  INFO - c.M.t.C.JwtFilter - Continuing filter chain for request to URI: /customer/create-payment-intent/22
2025-10-23 12:48:47 -  INFO - c.M.t.S.BookingService - Creating booking for customer: Manisha Nichad, Tour ID: 22, Number of Tickets: 1
2025-10-23 12:48:53 -  INFO - c.M.t.C.JwtFilter - Processing request to URI: /customer/tours/22
2025-10-23 12:48:53 -  INFO - c.M.t.S.JwtService - Extracting username from token.
2025-10-23 12:48:53 -  INFO - c.M.t.S.JwtService - Extracting all claims from token.
2025-10-23 12:48:53 -  INFO - c.M.t.S.JwtService - Retrieving signing key.
2025-10-23 12:48:53 -  INFO - c.M.t.C.JwtFilter - User 'manishanichad2004@gmail.com' is not authenticated, proceeding with token validation.
2025-10-23 12:48:53 -  INFO - c.M.t.S.CustomUserDetailsService - User found with email: manishanichad2004@gmail.com, Role: ROLE_CUSTOMER
2025-10-23 12:48:53 -  INFO - c.M.t.C.UserPrincipal - UserPrincipal created for user with email: manishanichad2004@gmail.com
2025-10-23 12:48:53 -  INFO - c.M.t.S.JwtService - Validating token for user: manishanichad2004@gmail.com
2025-10-23 12:48:53 -  INFO - c.M.t.S.JwtService - Extracting username from token.
2025-10-23 12:48:53 -  INFO - c.M.t.S.JwtService - Extracting all claims from token.
2025-10-23 12:48:53 -  INFO - c.M.t.S.JwtService - Retrieving signing key.
2025-10-23 12:48:53 -  INFO - c.M.t.S.JwtService - Checking if token is expired.
2025-10-23 12:48:53 -  INFO - c.M.t.S.JwtService - Extracting expiration date from token.
2025-10-23 12:48:53 -  INFO - c.M.t.S.JwtService - Extracting all claims from token.
2025-10-23 12:48:53 -  INFO - c.M.t.S.JwtService - Retrieving signing key.
2025-10-23 12:48:53 -  INFO - c.M.t.S.JwtService - Token is valid for user: manishanichad2004@gmail.com
2025-10-23 12:48:53 -  INFO - c.M.t.C.UserPrincipal - Retrieving authorities for user: manishanichad2004@gmail.com
2025-10-23 12:48:53 -  INFO - c.M.t.C.UserPrincipal - Assigned authority: ROLE_CUSTOMER
2025-10-23 12:48:53 -  INFO - c.M.t.C.JwtFilter - User 'manishanichad2004@gmail.com' successfully authenticated.
2025-10-23 12:48:53 -  INFO - c.M.t.C.JwtFilter - Continuing filter chain for request to URI: /customer/tours/22
2025-10-23 12:48:53 -  INFO - c.M.t.S.TourService - Fetching tour with ID: 22
2025-10-23 12:48:53 -  INFO - c.M.t.C.JwtFilter - Processing request to URI: /customer/tours/22
2025-10-23 12:48:53 -  INFO - c.M.t.S.JwtService - Extracting username from token.
2025-10-23 12:48:53 -  INFO - c.M.t.S.JwtService - Extracting all claims from token.
2025-10-23 12:48:53 -  INFO - c.M.t.S.JwtService - Retrieving signing key.
2025-10-23 12:48:53 -  INFO - c.M.t.C.JwtFilter - User 'manishanichad2004@gmail.com' is not authenticated, proceeding with token validation.
2025-10-23 12:48:53 -  INFO - c.M.t.S.CustomUserDetailsService - User found with email: manishanichad2004@gmail.com, Role: ROLE_CUSTOMER
2025-10-23 12:48:53 -  INFO - c.M.t.C.UserPrincipal - UserPrincipal created for user with email: manishanichad2004@gmail.com
2025-10-23 12:48:53 -  INFO - c.M.t.S.JwtService - Validating token for user: manishanichad2004@gmail.com
2025-10-23 12:48:53 -  INFO - c.M.t.S.JwtService - Extracting username from token.
2025-10-23 12:48:53 -  INFO - c.M.t.S.JwtService - Extracting all claims from token.
2025-10-23 12:48:53 -  INFO - c.M.t.S.JwtService - Retrieving signing key.
2025-10-23 12:48:53 -  INFO - c.M.t.S.JwtService - Checking if token is expired.
2025-10-23 12:48:53 -  INFO - c.M.t.S.JwtService - Extracting expiration date from token.
2025-10-23 12:48:53 -  INFO - c.M.t.S.JwtService - Extracting all claims from token.
2025-10-23 12:48:53 -  INFO - c.M.t.S.JwtService - Retrieving signing key.
2025-10-23 12:48:53 -  INFO - c.M.t.S.JwtService - Token is valid for user: manishanichad2004@gmail.com
2025-10-23 12:48:53 -  INFO - c.M.t.C.UserPrincipal - Retrieving authorities for user: manishanichad2004@gmail.com
2025-10-23 12:48:53 -  INFO - c.M.t.C.UserPrincipal - Assigned authority: ROLE_CUSTOMER
2025-10-23 12:48:53 -  INFO - c.M.t.C.JwtFilter - User 'manishanichad2004@gmail.com' successfully authenticated.
2025-10-23 12:48:53 -  INFO - c.M.t.C.JwtFilter - Continuing filter chain for request to URI: /customer/tours/22
2025-10-23 12:48:53 -  INFO - c.M.t.S.TourService - Fetching tour with ID: 22
2025-10-23 12:49:03 -  INFO - c.M.t.C.JwtFilter - Processing request to URI: /customer/tours
2025-10-23 12:49:03 -  INFO - c.M.t.S.JwtService - Extracting username from token.
2025-10-23 12:49:03 -  INFO - c.M.t.S.JwtService - Extracting all claims from token.
2025-10-23 12:49:03 -  INFO - c.M.t.S.JwtService - Retrieving signing key.
2025-10-23 12:49:03 -  INFO - c.M.t.C.JwtFilter - User 'manishanichad2004@gmail.com' is not authenticated, proceeding with token validation.
2025-10-23 12:49:03 -  INFO - c.M.t.S.CustomUserDetailsService - User found with email: manishanichad2004@gmail.com, Role: ROLE_CUSTOMER
2025-10-23 12:49:03 -  INFO - c.M.t.C.UserPrincipal - UserPrincipal created for user with email: manishanichad2004@gmail.com
2025-10-23 12:49:03 -  INFO - c.M.t.S.JwtService - Validating token for user: manishanichad2004@gmail.com
2025-10-23 12:49:03 -  INFO - c.M.t.S.JwtService - Extracting username from token.
2025-10-23 12:49:03 -  INFO - c.M.t.S.JwtService - Extracting all claims from token.
2025-10-23 12:49:03 -  INFO - c.M.t.S.JwtService - Retrieving signing key.
2025-10-23 12:49:03 -  INFO - c.M.t.S.JwtService - Checking if token is expired.
2025-10-23 12:49:03 -  INFO - c.M.t.S.JwtService - Extracting expiration date from token.
2025-10-23 12:49:03 -  INFO - c.M.t.S.JwtService - Extracting all claims from token.
2025-10-23 12:49:03 -  INFO - c.M.t.S.JwtService - Retrieving signing key.
2025-10-23 12:49:03 -  INFO - c.M.t.S.JwtService - Token is valid for user: manishanichad2004@gmail.com
2025-10-23 12:49:03 -  INFO - c.M.t.C.UserPrincipal - Retrieving authorities for user: manishanichad2004@gmail.com
2025-10-23 12:49:03 -  INFO - c.M.t.C.UserPrincipal - Assigned authority: ROLE_CUSTOMER
2025-10-23 12:49:03 -  INFO - c.M.t.C.JwtFilter - User 'manishanichad2004@gmail.com' successfully authenticated.
2025-10-23 12:49:03 -  INFO - c.M.t.C.JwtFilter - Continuing filter chain for request to URI: /customer/tours
2025-10-23 12:49:03 -  INFO - c.M.t.S.TourService - Fetching all tours with details.
2025-10-23 12:49:03 -  INFO - c.M.t.C.JwtFilter - Processing request to URI: /customer/tours
2025-10-23 12:49:03 -  INFO - c.M.t.S.JwtService - Extracting username from token.
2025-10-23 12:49:03 -  INFO - c.M.t.S.JwtService - Extracting all claims from token.
2025-10-23 12:49:03 -  INFO - c.M.t.S.JwtService - Retrieving signing key.
2025-10-23 12:49:03 -  INFO - c.M.t.C.JwtFilter - User 'manishanichad2004@gmail.com' is not authenticated, proceeding with token validation.
2025-10-23 12:49:03 -  INFO - c.M.t.S.CustomUserDetailsService - User found with email: manishanichad2004@gmail.com, Role: ROLE_CUSTOMER
2025-10-23 12:49:03 -  INFO - c.M.t.C.UserPrincipal - UserPrincipal created for user with email: manishanichad2004@gmail.com
2025-10-23 12:49:03 -  INFO - c.M.t.S.JwtService - Validating token for user: manishanichad2004@gmail.com
2025-10-23 12:49:03 -  INFO - c.M.t.S.JwtService - Extracting username from token.
2025-10-23 12:49:03 -  INFO - c.M.t.S.JwtService - Extracting all claims from token.
2025-10-23 12:49:03 -  INFO - c.M.t.S.JwtService - Retrieving signing key.
2025-10-23 12:49:03 -  INFO - c.M.t.S.JwtService - Checking if token is expired.
2025-10-23 12:49:03 -  INFO - c.M.t.S.JwtService - Extracting expiration date from token.
2025-10-23 12:49:03 -  INFO - c.M.t.S.JwtService - Extracting all claims from token.
2025-10-23 12:49:03 -  INFO - c.M.t.S.JwtService - Retrieving signing key.
2025-10-23 12:49:03 -  INFO - c.M.t.S.JwtService - Token is valid for user: manishanichad2004@gmail.com
2025-10-23 12:49:03 -  INFO - c.M.t.C.UserPrincipal - Retrieving authorities for user: manishanichad2004@gmail.com
2025-10-23 12:49:03 -  INFO - c.M.t.C.UserPrincipal - Assigned authority: ROLE_CUSTOMER
2025-10-23 12:49:03 -  INFO - c.M.t.C.JwtFilter - User 'manishanichad2004@gmail.com' successfully authenticated.
2025-10-23 12:49:03 -  INFO - c.M.t.C.JwtFilter - Continuing filter chain for request to URI: /customer/tours
2025-10-23 12:49:03 -  INFO - c.M.t.S.TourService - Fetching all tours with details.
2025-10-23 12:49:10 -  INFO - c.M.t.C.JwtFilter - Processing request to URI: /customer/tours/25
2025-10-23 12:49:10 -  INFO - c.M.t.S.JwtService - Extracting username from token.
2025-10-23 12:49:10 -  INFO - c.M.t.S.JwtService - Extracting all claims from token.
2025-10-23 12:49:10 -  INFO - c.M.t.S.JwtService - Retrieving signing key.
2025-10-23 12:49:10 -  INFO - c.M.t.C.JwtFilter - User 'manishanichad2004@gmail.com' is not authenticated, proceeding with token validation.
2025-10-23 12:49:10 -  INFO - c.M.t.S.CustomUserDetailsService - User found with email: manishanichad2004@gmail.com, Role: ROLE_CUSTOMER
2025-10-23 12:49:10 -  INFO - c.M.t.C.UserPrincipal - UserPrincipal created for user with email: manishanichad2004@gmail.com
2025-10-23 12:49:10 -  INFO - c.M.t.S.JwtService - Validating token for user: manishanichad2004@gmail.com
2025-10-23 12:49:10 -  INFO - c.M.t.S.JwtService - Extracting username from token.
2025-10-23 12:49:10 -  INFO - c.M.t.S.JwtService - Extracting all claims from token.
2025-10-23 12:49:10 -  INFO - c.M.t.S.JwtService - Retrieving signing key.
2025-10-23 12:49:10 -  INFO - c.M.t.S.JwtService - Checking if token is expired.
2025-10-23 12:49:10 -  INFO - c.M.t.S.JwtService - Extracting expiration date from token.
2025-10-23 12:49:10 -  INFO - c.M.t.S.JwtService - Extracting all claims from token.
2025-10-23 12:49:10 -  INFO - c.M.t.S.JwtService - Retrieving signing key.
2025-10-23 12:49:10 -  INFO - c.M.t.S.JwtService - Token is valid for user: manishanichad2004@gmail.com
2025-10-23 12:49:10 -  INFO - c.M.t.C.UserPrincipal - Retrieving authorities for user: manishanichad2004@gmail.com
2025-10-23 12:49:10 -  INFO - c.M.t.C.UserPrincipal - Assigned authority: ROLE_CUSTOMER
2025-10-23 12:49:10 -  INFO - c.M.t.C.JwtFilter - User 'manishanichad2004@gmail.com' successfully authenticated.
2025-10-23 12:49:10 -  INFO - c.M.t.C.JwtFilter - Continuing filter chain for request to URI: /customer/tours/25
2025-10-23 12:49:10 -  INFO - c.M.t.S.TourService - Fetching tour with ID: 25
2025-10-23 12:49:10 -  INFO - c.M.t.C.JwtFilter - Processing request to URI: /customer/tours/25
2025-10-23 12:49:10 -  INFO - c.M.t.S.JwtService - Extracting username from token.
2025-10-23 12:49:10 -  INFO - c.M.t.S.JwtService - Extracting all claims from token.
2025-10-23 12:49:10 -  INFO - c.M.t.S.JwtService - Retrieving signing key.
2025-10-23 12:49:10 -  INFO - c.M.t.C.JwtFilter - User 'manishanichad2004@gmail.com' is not authenticated, proceeding with token validation.
2025-10-23 12:49:10 -  INFO - c.M.t.S.CustomUserDetailsService - User found with email: manishanichad2004@gmail.com, Role: ROLE_CUSTOMER
2025-10-23 12:49:10 -  INFO - c.M.t.C.UserPrincipal - UserPrincipal created for user with email: manishanichad2004@gmail.com
2025-10-23 12:49:10 -  INFO - c.M.t.S.JwtService - Validating token for user: manishanichad2004@gmail.com
2025-10-23 12:49:10 -  INFO - c.M.t.S.JwtService - Extracting username from token.
2025-10-23 12:49:10 -  INFO - c.M.t.S.JwtService - Extracting all claims from token.
2025-10-23 12:49:10 -  INFO - c.M.t.S.JwtService - Retrieving signing key.
2025-10-23 12:49:10 -  INFO - c.M.t.S.JwtService - Checking if token is expired.
2025-10-23 12:49:10 -  INFO - c.M.t.S.JwtService - Extracting expiration date from token.
2025-10-23 12:49:10 -  INFO - c.M.t.S.JwtService - Extracting all claims from token.
2025-10-23 12:49:10 -  INFO - c.M.t.S.JwtService - Retrieving signing key.
2025-10-23 12:49:10 -  INFO - c.M.t.S.JwtService - Token is valid for user: manishanichad2004@gmail.com
2025-10-23 12:49:10 -  INFO - c.M.t.C.UserPrincipal - Retrieving authorities for user: manishanichad2004@gmail.com
2025-10-23 12:49:10 -  INFO - c.M.t.C.UserPrincipal - Assigned authority: ROLE_CUSTOMER
2025-10-23 12:49:10 -  INFO - c.M.t.C.JwtFilter - User 'manishanichad2004@gmail.com' successfully authenticated.
2025-10-23 12:49:10 -  INFO - c.M.t.C.JwtFilter - Continuing filter chain for request to URI: /customer/tours/25
2025-10-23 12:49:10 -  INFO - c.M.t.S.TourService - Fetching tour with ID: 25
2025-10-23 12:50:34 -  INFO - c.M.t.C.JwtFilter - Processing request to URI: /customer/tours
2025-10-23 12:50:34 -  INFO - c.M.t.S.JwtService - Extracting username from token.
2025-10-23 12:50:34 -  INFO - c.M.t.S.JwtService - Extracting all claims from token.
2025-10-23 12:50:34 -  INFO - c.M.t.S.JwtService - Retrieving signing key.
2025-10-23 12:50:34 -  INFO - c.M.t.C.JwtFilter - User 'manishanichad2004@gmail.com' is not authenticated, proceeding with token validation.
2025-10-23 12:50:34 -  INFO - c.M.t.S.CustomUserDetailsService - User found with email: manishanichad2004@gmail.com, Role: ROLE_CUSTOMER
2025-10-23 12:50:34 -  INFO - c.M.t.C.UserPrincipal - UserPrincipal created for user with email: manishanichad2004@gmail.com
2025-10-23 12:50:34 -  INFO - c.M.t.S.JwtService - Validating token for user: manishanichad2004@gmail.com
2025-10-23 12:50:34 -  INFO - c.M.t.S.JwtService - Extracting username from token.
2025-10-23 12:50:34 -  INFO - c.M.t.S.JwtService - Extracting all claims from token.
2025-10-23 12:50:34 -  INFO - c.M.t.S.JwtService - Retrieving signing key.
2025-10-23 12:50:34 -  INFO - c.M.t.S.JwtService - Checking if token is expired.
2025-10-23 12:50:34 -  INFO - c.M.t.S.JwtService - Extracting expiration date from token.
2025-10-23 12:50:34 -  INFO - c.M.t.S.JwtService - Extracting all claims from token.
2025-10-23 12:50:34 -  INFO - c.M.t.S.JwtService - Retrieving signing key.
2025-10-23 12:50:34 -  INFO - c.M.t.S.JwtService - Token is valid for user: manishanichad2004@gmail.com
2025-10-23 12:50:34 -  INFO - c.M.t.C.UserPrincipal - Retrieving authorities for user: manishanichad2004@gmail.com
2025-10-23 12:50:34 -  INFO - c.M.t.C.UserPrincipal - Assigned authority: ROLE_CUSTOMER
2025-10-23 12:50:34 -  INFO - c.M.t.C.JwtFilter - User 'manishanichad2004@gmail.com' successfully authenticated.
2025-10-23 12:50:34 -  INFO - c.M.t.C.JwtFilter - Continuing filter chain for request to URI: /customer/tours
2025-10-23 12:50:34 -  INFO - c.M.t.S.TourService - Fetching all tours with details.
2025-10-23 12:50:34 -  INFO - c.M.t.C.JwtFilter - Processing request to URI: /customer/tours
2025-10-23 12:50:34 -  INFO - c.M.t.S.JwtService - Extracting username from token.
2025-10-23 12:50:34 -  INFO - c.M.t.S.JwtService - Extracting all claims from token.
2025-10-23 12:50:34 -  INFO - c.M.t.S.JwtService - Retrieving signing key.
2025-10-23 12:50:34 -  INFO - c.M.t.C.JwtFilter - User 'manishanichad2004@gmail.com' is not authenticated, proceeding with token validation.
2025-10-23 12:50:35 -  INFO - c.M.t.S.CustomUserDetailsService - User found with email: manishanichad2004@gmail.com, Role: ROLE_CUSTOMER
2025-10-23 12:50:35 -  INFO - c.M.t.C.UserPrincipal - UserPrincipal created for user with email: manishanichad2004@gmail.com
2025-10-23 12:50:35 -  INFO - c.M.t.S.JwtService - Validating token for user: manishanichad2004@gmail.com
2025-10-23 12:50:35 -  INFO - c.M.t.S.JwtService - Extracting username from token.
2025-10-23 12:50:35 -  INFO - c.M.t.S.JwtService - Extracting all claims from token.
2025-10-23 12:50:35 -  INFO - c.M.t.S.JwtService - Retrieving signing key.
2025-10-23 12:50:35 -  INFO - c.M.t.S.JwtService - Checking if token is expired.
2025-10-23 12:50:35 -  INFO - c.M.t.S.JwtService - Extracting expiration date from token.
2025-10-23 12:50:35 -  INFO - c.M.t.S.JwtService - Extracting all claims from token.
2025-10-23 12:50:35 -  INFO - c.M.t.S.JwtService - Retrieving signing key.
2025-10-23 12:50:35 -  INFO - c.M.t.S.JwtService - Token is valid for user: manishanichad2004@gmail.com
2025-10-23 12:50:35 -  INFO - c.M.t.C.UserPrincipal - Retrieving authorities for user: manishanichad2004@gmail.com
2025-10-23 12:50:35 -  INFO - c.M.t.C.UserPrincipal - Assigned authority: ROLE_CUSTOMER
2025-10-23 12:50:35 -  INFO - c.M.t.C.JwtFilter - User 'manishanichad2004@gmail.com' successfully authenticated.
2025-10-23 12:50:35 -  INFO - c.M.t.C.JwtFilter - Continuing filter chain for request to URI: /customer/tours
2025-10-23 12:50:35 -  INFO - c.M.t.S.TourService - Fetching all tours with details.
2025-10-23 14:43:13 -  WARN - c.z.h.p.HikariPool - HikariPool-1 - Thread starvation or clock leap detected (housekeeper delta=1h47m7s277ms948s600ns).
2025-10-23 14:43:28 -  INFO - c.M.t.C.JwtFilter - Processing request to URI: /customer/tours
2025-10-23 14:43:29 -  INFO - c.M.t.S.JwtService - Extracting username from token.
2025-10-23 14:43:29 -  INFO - c.M.t.S.JwtService - Extracting all claims from token.
2025-10-23 14:43:29 -  INFO - c.M.t.S.JwtService - Retrieving signing key.
2025-10-23 14:43:29 -  INFO - c.M.t.C.JwtFilter - User 'manishanichad2004@gmail.com' is not authenticated, proceeding with token validation.
2025-10-23 14:43:31 -  INFO - c.M.t.S.CustomUserDetailsService - User found with email: manishanichad2004@gmail.com, Role: ROLE_CUSTOMER
2025-10-23 14:43:31 -  INFO - c.M.t.C.UserPrincipal - UserPrincipal created for user with email: manishanichad2004@gmail.com
2025-10-23 14:43:31 -  INFO - c.M.t.S.JwtService - Validating token for user: manishanichad2004@gmail.com
2025-10-23 14:43:31 -  INFO - c.M.t.S.JwtService - Extracting username from token.
2025-10-23 14:43:31 -  INFO - c.M.t.S.JwtService - Extracting all claims from token.
2025-10-23 14:43:31 -  INFO - c.M.t.S.JwtService - Retrieving signing key.
2025-10-23 14:43:31 -  INFO - c.M.t.S.JwtService - Checking if token is expired.
2025-10-23 14:43:31 -  INFO - c.M.t.S.JwtService - Extracting expiration date from token.
2025-10-23 14:43:31 -  INFO - c.M.t.S.JwtService - Extracting all claims from token.
2025-10-23 14:43:31 -  INFO - c.M.t.S.JwtService - Retrieving signing key.
2025-10-23 14:43:31 -  INFO - c.M.t.S.JwtService - Token is valid for user: manishanichad2004@gmail.com
2025-10-23 14:43:31 -  INFO - c.M.t.C.UserPrincipal - Retrieving authorities for user: manishanichad2004@gmail.com
2025-10-23 14:43:31 -  INFO - c.M.t.C.UserPrincipal - Assigned authority: ROLE_CUSTOMER
2025-10-23 14:43:31 -  INFO - c.M.t.C.JwtFilter - User 'manishanichad2004@gmail.com' successfully authenticated.
2025-10-23 14:43:31 -  INFO - c.M.t.C.JwtFilter - Continuing filter chain for request to URI: /customer/tours
2025-10-23 14:43:31 -  INFO - c.M.t.S.TourService - Fetching all tours with details.
2025-10-23 14:43:32 -  INFO - c.M.t.C.JwtFilter - Processing request to URI: /customer/tours
2025-10-23 14:43:32 -  INFO - c.M.t.S.JwtService - Extracting username from token.
2025-10-23 14:43:32 -  INFO - c.M.t.S.JwtService - Extracting all claims from token.
2025-10-23 14:43:32 -  INFO - c.M.t.S.JwtService - Retrieving signing key.
2025-10-23 14:43:32 -  INFO - c.M.t.C.JwtFilter - User 'manishanichad2004@gmail.com' is not authenticated, proceeding with token validation.
2025-10-23 14:43:32 -  INFO - c.M.t.S.CustomUserDetailsService - User found with email: manishanichad2004@gmail.com, Role: ROLE_CUSTOMER
2025-10-23 14:43:32 -  INFO - c.M.t.C.UserPrincipal - UserPrincipal created for user with email: manishanichad2004@gmail.com
2025-10-23 14:43:32 -  INFO - c.M.t.S.JwtService - Validating token for user: manishanichad2004@gmail.com
2025-10-23 14:43:32 -  INFO - c.M.t.S.JwtService - Extracting username from token.
2025-10-23 14:43:32 -  INFO - c.M.t.S.JwtService - Extracting all claims from token.
2025-10-23 14:43:32 -  INFO - c.M.t.S.JwtService - Retrieving signing key.
2025-10-23 14:43:32 -  INFO - c.M.t.S.JwtService - Checking if token is expired.
2025-10-23 14:43:32 -  INFO - c.M.t.S.JwtService - Extracting expiration date from token.
2025-10-23 14:43:32 -  INFO - c.M.t.S.JwtService - Extracting all claims from token.
2025-10-23 14:43:32 -  INFO - c.M.t.S.JwtService - Retrieving signing key.
2025-10-23 14:43:32 -  INFO - c.M.t.S.JwtService - Token is valid for user: manishanichad2004@gmail.com
2025-10-23 14:43:32 -  INFO - c.M.t.C.UserPrincipal - Retrieving authorities for user: manishanichad2004@gmail.com
2025-10-23 14:43:32 -  INFO - c.M.t.C.UserPrincipal - Assigned authority: ROLE_CUSTOMER
2025-10-23 14:43:32 -  INFO - c.M.t.C.JwtFilter - User 'manishanichad2004@gmail.com' successfully authenticated.
2025-10-23 14:43:32 -  INFO - c.M.t.C.JwtFilter - Continuing filter chain for request to URI: /customer/tours
2025-10-23 14:43:32 -  INFO - c.M.t.S.TourService - Fetching all tours with details.
2025-10-23 15:54:25 -  INFO - o.s.b.w.e.t.GracefulShutdown - Commencing graceful shutdown. Waiting for active requests to complete
2025-10-23 15:54:25 -  INFO - o.s.b.w.e.t.GracefulShutdown - Graceful shutdown complete
2025-10-23 15:54:25 -  INFO - o.s.o.j.LocalContainerEntityManagerFactoryBean - Closing JPA EntityManagerFactory for persistence unit 'default'
2025-10-23 15:54:25 -  INFO - c.z.h.HikariDataSource - HikariPool-1 - Shutdown initiated...
2025-10-23 15:54:26 -  INFO - c.z.h.HikariDataSource - HikariPool-1 - Shutdown completed.
